2026-02-11 07:48:12 | INFO     | Starting monitor loop with 10s interval
2026-02-11 07:48:12 | INFO     | Starting monitoring cycle...
2026-02-11 07:48:12 | INFO     | Monitoring 2 user(s)...
2026-02-11 07:48:12 | DEBUG    | Processing user: @elonmusk
2026-02-11 07:48:12 | DEBUG    | Processing user: @jaro3th
2026-02-11 07:48:13 | WARNING  | Rate limited (429). Retrying in 2s...
2026-02-11 07:48:14 | DEBUG    | No new tweets for @jaro3th
2026-02-11 07:48:15 | WARNING  | Rate limited (429). Retrying in 4s...
2026-02-11 07:48:21 | DEBUG    | No new tweets for @elonmusk
2026-02-11 07:48:21 | INFO     | Monitoring cycle completed
2026-02-11 07:48:21 | DEBUG    | Sleeping for 1.2s...
2026-02-11 07:48:22 | INFO     | Starting monitoring cycle...
2026-02-11 07:48:22 | INFO     | Monitoring 2 user(s)...
2026-02-11 07:48:22 | DEBUG    | Processing user: @elonmusk
2026-02-11 07:48:22 | DEBUG    | Processing user: @jaro3th
2026-02-11 07:48:23 | WARNING  | Rate limited (429). Retrying in 2s...
2026-02-11 07:48:23 | WARNING  | Rate limited (429). Retrying in 2s...
2026-02-11 07:48:25 | WARNING  | Rate limited (429). Retrying in 4s...
2026-02-11 07:48:26 | DEBUG    | No new tweets for @jaro3th
2026-02-11 07:48:29 | WARNING  | Rate limited (429). Retrying in 8s...
2026-02-11 07:48:39 | DEBUG    | No new tweets for @elonmusk
2026-02-11 07:48:39 | INFO     | Monitoring cycle completed
2026-02-11 07:48:39 | INFO     | Starting monitoring cycle...
2026-02-11 07:48:39 | INFO     | Monitoring 2 user(s)...
2026-02-11 07:48:39 | DEBUG    | Processing user: @elonmusk
2026-02-11 07:48:39 | DEBUG    | Processing user: @jaro3th
2026-02-11 07:48:39 | WARNING  | Rate limited (429). Retrying in 2s...
2026-02-11 07:48:39 | WARNING  | Rate limited (429). Retrying in 2s...
2026-02-11 07:48:41 | WARNING  | Rate limited (429). Retrying in 4s...
2026-02-11 07:48:41 | WARNING  | Rate limited (429). Retrying in 4s...
2026-02-11 07:48:46 | WARNING  | Rate limited (429). Retrying in 8s...
2026-02-11 07:48:48 | DEBUG    | No new tweets for @elonmusk
2026-02-11 07:48:55 | DEBUG    | No new tweets for @jaro3th
2026-02-11 07:48:55 | INFO     | Monitoring cycle completed
2026-02-11 07:48:55 | INFO     | Starting monitoring cycle...
2026-02-11 07:48:55 | INFO     | Monitoring 2 user(s)...
2026-02-11 07:48:55 | DEBUG    | Processing user: @elonmusk
2026-02-11 07:48:55 | DEBUG    | Processing user: @jaro3th
2026-02-11 07:48:55 | WARNING  | Rate limited (429). Retrying in 2s...
2026-02-11 07:48:55 | WARNING  | Rate limited (429). Retrying in 2s...
2026-02-11 07:48:58 | WARNING  | Rate limited (429). Retrying in 4s...
2026-02-11 07:48:58 | WARNING  | Rate limited (429). Retrying in 4s...
2026-02-11 07:49:02 | WARNING  | Rate limited (429). Retrying in 8s...
2026-02-11 07:49:07 | DEBUG    | No new tweets for @elonmusk
2026-02-11 07:49:12 | DEBUG    | No new tweets for @jaro3th
2026-02-11 07:49:12 | INFO     | Monitoring cycle completed
2026-02-11 07:49:12 | INFO     | Starting monitoring cycle...
2026-02-11 07:49:12 | INFO     | Monitoring 2 user(s)...
2026-02-11 07:49:12 | DEBUG    | Processing user: @elonmusk
2026-02-11 07:49:12 | DEBUG    | Processing user: @jaro3th
2026-02-11 07:49:12 | WARNING  | Rate limited (429). Retrying in 2s...
2026-02-11 07:49:12 | WARNING  | Rate limited (429). Retrying in 2s...
2026-02-11 07:49:14 | WARNING  | Rate limited (429). Retrying in 4s...
2026-02-11 07:49:14 | WARNING  | Rate limited (429). Retrying in 4s...
2026-02-11 07:49:18 | WARNING  | Rate limited (429). Retrying in 8s...
2026-02-11 07:49:19 | INFO     | Shutdown signal received, stopping...
2026-02-11 07:49:26 | INFO     | Starting monitor loop with 15s interval
2026-02-11 07:49:26 | INFO     | Starting monitoring cycle...
2026-02-11 07:49:26 | INFO     | Monitoring 2 user(s)...
2026-02-11 07:49:26 | DEBUG    | Processing user: @elonmusk
2026-02-11 07:49:26 | DEBUG    | Processing user: @jaro3th
2026-02-11 07:49:26 | WARNING  | Rate limited (429). Retrying in 2s...
2026-02-11 07:49:27 | DEBUG    | No new tweets for @jaro3th
2026-02-11 07:49:28 | WARNING  | Rate limited (429). Retrying in 4s...
2026-02-11 07:49:34 | DEBUG    | No new tweets for @elonmusk
2026-02-11 07:49:34 | INFO     | Monitoring cycle completed
2026-02-11 07:49:34 | DEBUG    | Sleeping for 6.7s...
2026-02-11 07:49:41 | INFO     | Starting monitoring cycle...
2026-02-11 07:49:41 | INFO     | Monitoring 2 user(s)...
2026-02-11 07:49:41 | DEBUG    | Processing user: @elonmusk
2026-02-11 07:49:41 | DEBUG    | Processing user: @jaro3th
2026-02-11 07:49:41 | WARNING  | Rate limited (429). Retrying in 2s...
2026-02-11 07:49:43 | WARNING  | Rate limited (429). Retrying in 4s...
2026-02-11 07:49:43 | DEBUG    | No new tweets for @elonmusk
2026-02-11 07:49:49 | DEBUG    | No new tweets for @jaro3th
2026-02-11 07:49:49 | INFO     | Monitoring cycle completed
2026-02-11 07:49:49 | DEBUG    | Sleeping for 6.5s...
2026-02-11 07:49:56 | INFO     | Starting monitoring cycle...
2026-02-11 07:49:56 | INFO     | Monitoring 2 user(s)...
2026-02-11 07:49:56 | DEBUG    | Processing user: @elonmusk
2026-02-11 07:49:56 | DEBUG    | Processing user: @jaro3th
2026-02-11 07:49:56 | WARNING  | Rate limited (429). Retrying in 2s...
2026-02-11 07:49:57 | DEBUG    | No new tweets for @jaro3th
2026-02-11 07:49:58 | WARNING  | Rate limited (429). Retrying in 4s...
2026-02-11 07:50:04 | DEBUG    | No new tweets for @elonmusk
2026-02-11 07:50:04 | INFO     | Monitoring cycle completed
2026-02-11 07:50:04 | DEBUG    | Sleeping for 6.5s...
2026-02-11 07:50:11 | INFO     | Starting monitoring cycle...
2026-02-11 07:50:11 | INFO     | Monitoring 2 user(s)...
2026-02-11 07:50:11 | DEBUG    | Processing user: @elonmusk
2026-02-11 07:50:11 | DEBUG    | Processing user: @jaro3th
2026-02-11 07:50:11 | WARNING  | Rate limited (429). Retrying in 2s...
2026-02-11 07:50:13 | WARNING  | Rate limited (429). Retrying in 4s...
2026-02-11 07:50:16 | DEBUG    | No new tweets for @elonmusk
2026-02-11 07:50:19 | DEBUG    | No new tweets for @jaro3th
2026-02-11 07:50:19 | INFO     | Monitoring cycle completed
2026-02-11 07:50:19 | DEBUG    | Sleeping for 6.6s...
2026-02-11 07:50:26 | INFO     | Starting monitoring cycle...
2026-02-11 07:50:26 | INFO     | Monitoring 2 user(s)...
2026-02-11 07:50:26 | DEBUG    | Processing user: @elonmusk
2026-02-11 07:50:26 | DEBUG    | Processing user: @jaro3th
2026-02-11 07:50:26 | WARNING  | Rate limited (429). Retrying in 2s...
2026-02-11 07:50:28 | DEBUG    | No new tweets for @jaro3th
2026-02-11 07:50:28 | WARNING  | Rate limited (429). Retrying in 4s...
2026-02-11 07:50:31 | INFO     | Shutdown signal received, stopping...
2026-02-11 07:50:33 | INFO     | Starting monitor loop with 20s interval
2026-02-11 07:50:33 | INFO     | Starting monitoring cycle...
2026-02-11 07:50:33 | INFO     | Monitoring 2 user(s)...
2026-02-11 07:50:33 | DEBUG    | Processing user: @elonmusk
2026-02-11 07:50:33 | DEBUG    | Processing user: @jaro3th
2026-02-11 07:50:33 | WARNING  | Rate limited (429). Retrying in 2s...
2026-02-11 07:50:36 | WARNING  | Rate limited (429). Retrying in 4s...
2026-02-11 07:50:36 | DEBUG    | No new tweets for @elonmusk
2026-02-11 07:50:42 | DEBUG    | No new tweets for @jaro3th
2026-02-11 07:50:42 | INFO     | Monitoring cycle completed
2026-02-11 07:50:42 | DEBUG    | Sleeping for 11.1s...
2026-02-11 07:50:53 | INFO     | Starting monitoring cycle...
2026-02-11 07:50:53 | INFO     | Monitoring 2 user(s)...
2026-02-11 07:50:53 | DEBUG    | Processing user: @elonmusk
2026-02-11 07:50:53 | DEBUG    | Processing user: @jaro3th
2026-02-11 07:50:53 | WARNING  | Rate limited (429). Retrying in 2s...
2026-02-11 07:50:55 | WARNING  | Rate limited (429). Retrying in 4s...
2026-02-11 07:50:58 | DEBUG    | No new tweets for @jaro3th
2026-02-11 07:51:02 | DEBUG    | No new tweets for @elonmusk
2026-02-11 07:51:02 | INFO     | Monitoring cycle completed
2026-02-11 07:51:02 | DEBUG    | Sleeping for 11.5s...
2026-02-11 07:51:13 | INFO     | Starting monitoring cycle...
2026-02-11 07:51:13 | INFO     | Monitoring 2 user(s)...
2026-02-11 07:51:13 | DEBUG    | Processing user: @elonmusk
2026-02-11 07:51:13 | DEBUG    | Processing user: @jaro3th
2026-02-11 07:51:13 | ERROR    | HTTP error 402: Client error '402 Payment Required' for url 'https://api.twitterapi.io/twitter/user/last_tweets?userName=jaro3th&max_results=20'
For more information check: https://developer.mozilla.org/en-US/docs/Web/HTTP/Status/402
2026-02-11 07:51:13 | ERROR    | Failed to fetch tweets for @jaro3th: HTTP 402: Client error '402 Payment Required' for url 'https://api.twitterapi.io/twitter/user/last_tweets?userName=jaro3th&max_results=20'
For more information check: https://developer.mozilla.org/en-US/docs/Web/HTTP/Status/402
2026-02-11 07:51:13 | DEBUG    | No tweets found for @jaro3th
2026-02-11 07:51:13 | ERROR    | HTTP error 402: Client error '402 Payment Required' for url 'https://api.twitterapi.io/twitter/user/last_tweets?userName=elonmusk&max_results=20'
For more information check: https://developer.mozilla.org/en-US/docs/Web/HTTP/Status/402
2026-02-11 07:51:13 | ERROR    | Failed to fetch tweets for @elonmusk: HTTP 402: Client error '402 Payment Required' for url 'https://api.twitterapi.io/twitter/user/last_tweets?userName=elonmusk&max_results=20'
For more information check: https://developer.mozilla.org/en-US/docs/Web/HTTP/Status/402
2026-02-11 07:51:13 | DEBUG    | No tweets found for @elonmusk
2026-02-11 07:51:13 | INFO     | Monitoring cycle completed
2026-02-11 07:51:13 | DEBUG    | Sleeping for 19.8s...
2026-02-11 07:51:33 | INFO     | Starting monitoring cycle...
2026-02-11 07:51:33 | INFO     | Monitoring 2 user(s)...
2026-02-11 07:51:33 | DEBUG    | Processing user: @elonmusk
2026-02-11 07:51:33 | DEBUG    | Processing user: @jaro3th
2026-02-11 07:51:33 | ERROR    | HTTP error 402: Client error '402 Payment Required' for url 'https://api.twitterapi.io/twitter/user/last_tweets?userName=jaro3th&max_results=20'
For more information check: https://developer.mozilla.org/en-US/docs/Web/HTTP/Status/402
2026-02-11 07:51:33 | ERROR    | Failed to fetch tweets for @jaro3th: HTTP 402: Client error '402 Payment Required' for url 'https://api.twitterapi.io/twitter/user/last_tweets?userName=jaro3th&max_results=20'
For more information check: https://developer.mozilla.org/en-US/docs/Web/HTTP/Status/402
2026-02-11 07:51:33 | DEBUG    | No tweets found for @jaro3th
2026-02-11 07:51:33 | ERROR    | HTTP error 402: Client error '402 Payment Required' for url 'https://api.twitterapi.io/twitter/user/last_tweets?userName=elonmusk&max_results=20'
For more information check: https://developer.mozilla.org/en-US/docs/Web/HTTP/Status/402
2026-02-11 07:51:33 | ERROR    | Failed to fetch tweets for @elonmusk: HTTP 402: Client error '402 Payment Required' for url 'https://api.twitterapi.io/twitter/user/last_tweets?userName=elonmusk&max_results=20'
For more information check: https://developer.mozilla.org/en-US/docs/Web/HTTP/Status/402
2026-02-11 07:51:33 | DEBUG    | No tweets found for @elonmusk
2026-02-11 07:51:33 | INFO     | Monitoring cycle completed
2026-02-11 07:51:33 | DEBUG    | Sleeping for 19.8s...
2026-02-11 07:51:41 | INFO     | Shutdown signal received, stopping...
2026-02-11 07:51:41 | INFO     | Monitor loop stopped
2026-02-11 07:51:48 | INFO     | Starting monitor loop with 30s interval
2026-02-11 07:51:48 | INFO     | Starting monitoring cycle...
2026-02-11 07:51:48 | INFO     | Monitoring 1 user(s)...
2026-02-11 07:51:48 | DEBUG    | Processing user: @jaro3th
2026-02-11 07:51:48 | ERROR    | HTTP error 402: Client error '402 Payment Required' for url 'https://api.twitterapi.io/twitter/user/last_tweets?userName=jaro3th&max_results=20'
For more information check: https://developer.mozilla.org/en-US/docs/Web/HTTP/Status/402
2026-02-11 07:51:48 | ERROR    | Failed to fetch tweets for @jaro3th: HTTP 402: Client error '402 Payment Required' for url 'https://api.twitterapi.io/twitter/user/last_tweets?userName=jaro3th&max_results=20'
For more information check: https://developer.mozilla.org/en-US/docs/Web/HTTP/Status/402
2026-02-11 07:51:48 | DEBUG    | No tweets found for @jaro3th
2026-02-11 07:51:48 | INFO     | Monitoring cycle completed
2026-02-11 07:51:48 | DEBUG    | Sleeping for 29.8s...
2026-02-11 07:52:18 | INFO     | Starting monitoring cycle...
2026-02-11 07:52:18 | INFO     | Monitoring 1 user(s)...
2026-02-11 07:52:18 | DEBUG    | Processing user: @jaro3th
2026-02-11 07:52:18 | ERROR    | HTTP error 402: Client error '402 Payment Required' for url 'https://api.twitterapi.io/twitter/user/last_tweets?userName=jaro3th&max_results=20'
For more information check: https://developer.mozilla.org/en-US/docs/Web/HTTP/Status/402
2026-02-11 07:52:18 | ERROR    | Failed to fetch tweets for @jaro3th: HTTP 402: Client error '402 Payment Required' for url 'https://api.twitterapi.io/twitter/user/last_tweets?userName=jaro3th&max_results=20'
For more information check: https://developer.mozilla.org/en-US/docs/Web/HTTP/Status/402
2026-02-11 07:52:18 | DEBUG    | No tweets found for @jaro3th
2026-02-11 07:52:18 | INFO     | Monitoring cycle completed
2026-02-11 07:52:18 | DEBUG    | Sleeping for 29.8s...
2026-02-11 07:52:48 | INFO     | Starting monitoring cycle...
2026-02-11 07:52:48 | INFO     | Monitoring 1 user(s)...
2026-02-11 07:52:48 | DEBUG    | Processing user: @jaro3th
2026-02-11 07:52:49 | ERROR    | HTTP error 402: Client error '402 Payment Required' for url 'https://api.twitterapi.io/twitter/user/last_tweets?userName=jaro3th&max_results=20'
For more information check: https://developer.mozilla.org/en-US/docs/Web/HTTP/Status/402
2026-02-11 07:52:49 | ERROR    | Failed to fetch tweets for @jaro3th: HTTP 402: Client error '402 Payment Required' for url 'https://api.twitterapi.io/twitter/user/last_tweets?userName=jaro3th&max_results=20'
For more information check: https://developer.mozilla.org/en-US/docs/Web/HTTP/Status/402
2026-02-11 07:52:49 | DEBUG    | No tweets found for @jaro3th
2026-02-11 07:52:49 | INFO     | Monitoring cycle completed
2026-02-11 07:52:49 | DEBUG    | Sleeping for 29.6s...
2026-02-11 07:53:18 | INFO     | Starting monitoring cycle...
2026-02-11 07:53:18 | INFO     | Monitoring 1 user(s)...
2026-02-11 07:53:18 | DEBUG    | Processing user: @jaro3th
2026-02-11 07:53:18 | ERROR    | HTTP error 402: Client error '402 Payment Required' for url 'https://api.twitterapi.io/twitter/user/last_tweets?userName=jaro3th&max_results=20'
For more information check: https://developer.mozilla.org/en-US/docs/Web/HTTP/Status/402
2026-02-11 07:53:18 | ERROR    | Failed to fetch tweets for @jaro3th: HTTP 402: Client error '402 Payment Required' for url 'https://api.twitterapi.io/twitter/user/last_tweets?userName=jaro3th&max_results=20'
For more information check: https://developer.mozilla.org/en-US/docs/Web/HTTP/Status/402
2026-02-11 07:53:18 | DEBUG    | No tweets found for @jaro3th
2026-02-11 07:53:18 | INFO     | Monitoring cycle completed
2026-02-11 07:53:18 | DEBUG    | Sleeping for 29.8s...
2026-02-11 07:53:48 | INFO     | Starting monitoring cycle...
2026-02-11 07:53:48 | INFO     | Monitoring 1 user(s)...
2026-02-11 07:53:48 | DEBUG    | Processing user: @jaro3th
2026-02-11 07:53:48 | ERROR    | HTTP error 402: Client error '402 Payment Required' for url 'https://api.twitterapi.io/twitter/user/last_tweets?userName=jaro3th&max_results=20'
For more information check: https://developer.mozilla.org/en-US/docs/Web/HTTP/Status/402
2026-02-11 07:53:48 | ERROR    | Failed to fetch tweets for @jaro3th: HTTP 402: Client error '402 Payment Required' for url 'https://api.twitterapi.io/twitter/user/last_tweets?userName=jaro3th&max_results=20'
For more information check: https://developer.mozilla.org/en-US/docs/Web/HTTP/Status/402
2026-02-11 07:53:48 | DEBUG    | No tweets found for @jaro3th
2026-02-11 07:53:48 | INFO     | Monitoring cycle completed
2026-02-11 07:53:48 | DEBUG    | Sleeping for 29.8s...
2026-02-11 07:54:18 | INFO     | Starting monitoring cycle...
2026-02-11 07:54:18 | INFO     | Monitoring 1 user(s)...
2026-02-11 07:54:18 | DEBUG    | Processing user: @jaro3th
2026-02-11 07:54:19 | ERROR    | HTTP error 402: Client error '402 Payment Required' for url 'https://api.twitterapi.io/twitter/user/last_tweets?userName=jaro3th&max_results=20'
For more information check: https://developer.mozilla.org/en-US/docs/Web/HTTP/Status/402
2026-02-11 07:54:19 | ERROR    | Failed to fetch tweets for @jaro3th: HTTP 402: Client error '402 Payment Required' for url 'https://api.twitterapi.io/twitter/user/last_tweets?userName=jaro3th&max_results=20'
For more information check: https://developer.mozilla.org/en-US/docs/Web/HTTP/Status/402
2026-02-11 07:54:19 | DEBUG    | No tweets found for @jaro3th
2026-02-11 07:54:19 | INFO     | Monitoring cycle completed
2026-02-11 07:54:19 | DEBUG    | Sleeping for 29.6s...
2026-02-11 07:54:48 | INFO     | Starting monitoring cycle...
2026-02-11 07:54:48 | INFO     | Monitoring 1 user(s)...
2026-02-11 07:54:48 | DEBUG    | Processing user: @jaro3th
2026-02-11 07:54:49 | ERROR    | HTTP error 402: Client error '402 Payment Required' for url 'https://api.twitterapi.io/twitter/user/last_tweets?userName=jaro3th&max_results=20'
For more information check: https://developer.mozilla.org/en-US/docs/Web/HTTP/Status/402
2026-02-11 07:54:49 | ERROR    | Failed to fetch tweets for @jaro3th: HTTP 402: Client error '402 Payment Required' for url 'https://api.twitterapi.io/twitter/user/last_tweets?userName=jaro3th&max_results=20'
For more information check: https://developer.mozilla.org/en-US/docs/Web/HTTP/Status/402
2026-02-11 07:54:49 | DEBUG    | No tweets found for @jaro3th
2026-02-11 07:54:49 | INFO     | Monitoring cycle completed
2026-02-11 07:54:49 | DEBUG    | Sleeping for 29.8s...
2026-02-11 07:55:18 | INFO     | Starting monitoring cycle...
2026-02-11 07:55:18 | INFO     | Monitoring 1 user(s)...
2026-02-11 07:55:18 | DEBUG    | Processing user: @jaro3th
2026-02-11 07:55:19 | ERROR    | HTTP error 402: Client error '402 Payment Required' for url 'https://api.twitterapi.io/twitter/user/last_tweets?userName=jaro3th&max_results=20'
For more information check: https://developer.mozilla.org/en-US/docs/Web/HTTP/Status/402
2026-02-11 07:55:19 | ERROR    | Failed to fetch tweets for @jaro3th: HTTP 402: Client error '402 Payment Required' for url 'https://api.twitterapi.io/twitter/user/last_tweets?userName=jaro3th&max_results=20'
For more information check: https://developer.mozilla.org/en-US/docs/Web/HTTP/Status/402
2026-02-11 07:55:19 | DEBUG    | No tweets found for @jaro3th
2026-02-11 07:55:19 | INFO     | Monitoring cycle completed
2026-02-11 07:55:19 | DEBUG    | Sleeping for 29.7s...
2026-02-11 07:55:48 | INFO     | Starting monitoring cycle...
2026-02-11 07:55:48 | INFO     | Monitoring 1 user(s)...
2026-02-11 07:55:48 | DEBUG    | Processing user: @jaro3th
2026-02-11 07:55:49 | ERROR    | HTTP error 402: Client error '402 Payment Required' for url 'https://api.twitterapi.io/twitter/user/last_tweets?userName=jaro3th&max_results=20'
For more information check: https://developer.mozilla.org/en-US/docs/Web/HTTP/Status/402
2026-02-11 07:55:49 | ERROR    | Failed to fetch tweets for @jaro3th: HTTP 402: Client error '402 Payment Required' for url 'https://api.twitterapi.io/twitter/user/last_tweets?userName=jaro3th&max_results=20'
For more information check: https://developer.mozilla.org/en-US/docs/Web/HTTP/Status/402
2026-02-11 07:55:49 | DEBUG    | No tweets found for @jaro3th
2026-02-11 07:55:49 | INFO     | Monitoring cycle completed
2026-02-11 07:55:49 | DEBUG    | Sleeping for 29.8s...
2026-02-11 07:56:18 | INFO     | Starting monitoring cycle...
2026-02-11 07:56:18 | INFO     | Monitoring 1 user(s)...
2026-02-11 07:56:18 | DEBUG    | Processing user: @jaro3th
2026-02-11 07:56:19 | ERROR    | HTTP error 402: Client error '402 Payment Required' for url 'https://api.twitterapi.io/twitter/user/last_tweets?userName=jaro3th&max_results=20'
For more information check: https://developer.mozilla.org/en-US/docs/Web/HTTP/Status/402
2026-02-11 07:56:19 | ERROR    | Failed to fetch tweets for @jaro3th: HTTP 402: Client error '402 Payment Required' for url 'https://api.twitterapi.io/twitter/user/last_tweets?userName=jaro3th&max_results=20'
For more information check: https://developer.mozilla.org/en-US/docs/Web/HTTP/Status/402
2026-02-11 07:56:19 | DEBUG    | No tweets found for @jaro3th
2026-02-11 07:56:19 | INFO     | Monitoring cycle completed
2026-02-11 07:56:19 | DEBUG    | Sleeping for 29.8s...
2026-02-11 07:56:48 | INFO     | Starting monitoring cycle...
2026-02-11 07:56:48 | INFO     | Monitoring 1 user(s)...
2026-02-11 07:56:48 | DEBUG    | Processing user: @jaro3th
2026-02-11 07:56:49 | ERROR    | HTTP error 402: Client error '402 Payment Required' for url 'https://api.twitterapi.io/twitter/user/last_tweets?userName=jaro3th&max_results=20'
For more information check: https://developer.mozilla.org/en-US/docs/Web/HTTP/Status/402
2026-02-11 07:56:49 | ERROR    | Failed to fetch tweets for @jaro3th: HTTP 402: Client error '402 Payment Required' for url 'https://api.twitterapi.io/twitter/user/last_tweets?userName=jaro3th&max_results=20'
For more information check: https://developer.mozilla.org/en-US/docs/Web/HTTP/Status/402
2026-02-11 07:56:49 | DEBUG    | No tweets found for @jaro3th
2026-02-11 07:56:49 | INFO     | Monitoring cycle completed
2026-02-11 07:56:49 | DEBUG    | Sleeping for 29.8s...
2026-02-11 07:57:18 | INFO     | Starting monitoring cycle...
2026-02-11 07:57:18 | INFO     | Monitoring 1 user(s)...
2026-02-11 07:57:19 | DEBUG    | Processing user: @jaro3th
2026-02-11 07:57:19 | ERROR    | HTTP error 402: Client error '402 Payment Required' for url 'https://api.twitterapi.io/twitter/user/last_tweets?userName=jaro3th&max_results=20'
For more information check: https://developer.mozilla.org/en-US/docs/Web/HTTP/Status/402
2026-02-11 07:57:19 | ERROR    | Failed to fetch tweets for @jaro3th: HTTP 402: Client error '402 Payment Required' for url 'https://api.twitterapi.io/twitter/user/last_tweets?userName=jaro3th&max_results=20'
For more information check: https://developer.mozilla.org/en-US/docs/Web/HTTP/Status/402
2026-02-11 07:57:19 | DEBUG    | No tweets found for @jaro3th
2026-02-11 07:57:19 | INFO     | Monitoring cycle completed
2026-02-11 07:57:19 | DEBUG    | Sleeping for 29.8s...
2026-02-11 07:57:49 | INFO     | Starting monitoring cycle...
2026-02-11 07:57:49 | INFO     | Monitoring 1 user(s)...
2026-02-11 07:57:49 | DEBUG    | Processing user: @jaro3th
2026-02-11 07:57:49 | ERROR    | HTTP error 402: Client error '402 Payment Required' for url 'https://api.twitterapi.io/twitter/user/last_tweets?userName=jaro3th&max_results=20'
For more information check: https://developer.mozilla.org/en-US/docs/Web/HTTP/Status/402
2026-02-11 07:57:49 | ERROR    | Failed to fetch tweets for @jaro3th: HTTP 402: Client error '402 Payment Required' for url 'https://api.twitterapi.io/twitter/user/last_tweets?userName=jaro3th&max_results=20'
For more information check: https://developer.mozilla.org/en-US/docs/Web/HTTP/Status/402
2026-02-11 07:57:49 | DEBUG    | No tweets found for @jaro3th
2026-02-11 07:57:49 | INFO     | Monitoring cycle completed
2026-02-11 07:57:49 | DEBUG    | Sleeping for 29.8s...
2026-02-11 07:58:19 | INFO     | Starting monitoring cycle...
2026-02-11 07:58:19 | INFO     | Monitoring 1 user(s)...
2026-02-11 07:58:19 | DEBUG    | Processing user: @jaro3th
2026-02-11 07:58:19 | ERROR    | HTTP error 402: Client error '402 Payment Required' for url 'https://api.twitterapi.io/twitter/user/last_tweets?userName=jaro3th&max_results=20'
For more information check: https://developer.mozilla.org/en-US/docs/Web/HTTP/Status/402
2026-02-11 07:58:19 | ERROR    | Failed to fetch tweets for @jaro3th: HTTP 402: Client error '402 Payment Required' for url 'https://api.twitterapi.io/twitter/user/last_tweets?userName=jaro3th&max_results=20'
For more information check: https://developer.mozilla.org/en-US/docs/Web/HTTP/Status/402
2026-02-11 07:58:19 | DEBUG    | No tweets found for @jaro3th
2026-02-11 07:58:19 | INFO     | Monitoring cycle completed
2026-02-11 07:58:19 | DEBUG    | Sleeping for 29.8s...
2026-02-11 07:58:49 | INFO     | Starting monitoring cycle...
2026-02-11 07:58:49 | INFO     | Monitoring 1 user(s)...
2026-02-11 07:58:49 | DEBUG    | Processing user: @jaro3th
2026-02-11 07:58:49 | ERROR    | HTTP error 402: Client error '402 Payment Required' for url 'https://api.twitterapi.io/twitter/user/last_tweets?userName=jaro3th&max_results=20'
For more information check: https://developer.mozilla.org/en-US/docs/Web/HTTP/Status/402
2026-02-11 07:58:49 | ERROR    | Failed to fetch tweets for @jaro3th: HTTP 402: Client error '402 Payment Required' for url 'https://api.twitterapi.io/twitter/user/last_tweets?userName=jaro3th&max_results=20'
For more information check: https://developer.mozilla.org/en-US/docs/Web/HTTP/Status/402
2026-02-11 07:58:49 | DEBUG    | No tweets found for @jaro3th
2026-02-11 07:58:49 | INFO     | Monitoring cycle completed
2026-02-11 07:58:49 | DEBUG    | Sleeping for 29.8s...
2026-02-11 07:59:19 | INFO     | Starting monitoring cycle...
2026-02-11 07:59:19 | INFO     | Monitoring 1 user(s)...
2026-02-11 07:59:19 | DEBUG    | Processing user: @jaro3th
2026-02-11 07:59:19 | ERROR    | HTTP error 402: Client error '402 Payment Required' for url 'https://api.twitterapi.io/twitter/user/last_tweets?userName=jaro3th&max_results=20'
For more information check: https://developer.mozilla.org/en-US/docs/Web/HTTP/Status/402
2026-02-11 07:59:19 | ERROR    | Failed to fetch tweets for @jaro3th: HTTP 402: Client error '402 Payment Required' for url 'https://api.twitterapi.io/twitter/user/last_tweets?userName=jaro3th&max_results=20'
For more information check: https://developer.mozilla.org/en-US/docs/Web/HTTP/Status/402
2026-02-11 07:59:19 | DEBUG    | No tweets found for @jaro3th
2026-02-11 07:59:19 | INFO     | Monitoring cycle completed
2026-02-11 07:59:19 | DEBUG    | Sleeping for 29.8s...
2026-02-11 07:59:49 | INFO     | Starting monitoring cycle...
2026-02-11 07:59:49 | INFO     | Monitoring 1 user(s)...
2026-02-11 07:59:49 | DEBUG    | Processing user: @jaro3th
2026-02-11 07:59:49 | ERROR    | HTTP error 402: Client error '402 Payment Required' for url 'https://api.twitterapi.io/twitter/user/last_tweets?userName=jaro3th&max_results=20'
For more information check: https://developer.mozilla.org/en-US/docs/Web/HTTP/Status/402
2026-02-11 07:59:49 | ERROR    | Failed to fetch tweets for @jaro3th: HTTP 402: Client error '402 Payment Required' for url 'https://api.twitterapi.io/twitter/user/last_tweets?userName=jaro3th&max_results=20'
For more information check: https://developer.mozilla.org/en-US/docs/Web/HTTP/Status/402
2026-02-11 07:59:49 | DEBUG    | No tweets found for @jaro3th
2026-02-11 07:59:49 | INFO     | Monitoring cycle completed
2026-02-11 07:59:49 | DEBUG    | Sleeping for 29.8s...
2026-02-11 08:00:19 | INFO     | Starting monitoring cycle...
2026-02-11 08:00:19 | INFO     | Monitoring 1 user(s)...
2026-02-11 08:00:19 | DEBUG    | Processing user: @jaro3th
2026-02-11 08:00:19 | ERROR    | HTTP error 402: Client error '402 Payment Required' for url 'https://api.twitterapi.io/twitter/user/last_tweets?userName=jaro3th&max_results=20'
For more information check: https://developer.mozilla.org/en-US/docs/Web/HTTP/Status/402
2026-02-11 08:00:19 | ERROR    | Failed to fetch tweets for @jaro3th: HTTP 402: Client error '402 Payment Required' for url 'https://api.twitterapi.io/twitter/user/last_tweets?userName=jaro3th&max_results=20'
For more information check: https://developer.mozilla.org/en-US/docs/Web/HTTP/Status/402
2026-02-11 08:00:19 | DEBUG    | No tweets found for @jaro3th
2026-02-11 08:00:19 | INFO     | Monitoring cycle completed
2026-02-11 08:00:19 | DEBUG    | Sleeping for 29.8s...
2026-02-11 08:00:49 | INFO     | Starting monitoring cycle...
2026-02-11 08:00:49 | INFO     | Monitoring 1 user(s)...
2026-02-11 08:00:49 | DEBUG    | Processing user: @jaro3th
2026-02-11 08:00:49 | ERROR    | HTTP error 402: Client error '402 Payment Required' for url 'https://api.twitterapi.io/twitter/user/last_tweets?userName=jaro3th&max_results=20'
For more information check: https://developer.mozilla.org/en-US/docs/Web/HTTP/Status/402
2026-02-11 08:00:49 | ERROR    | Failed to fetch tweets for @jaro3th: HTTP 402: Client error '402 Payment Required' for url 'https://api.twitterapi.io/twitter/user/last_tweets?userName=jaro3th&max_results=20'
For more information check: https://developer.mozilla.org/en-US/docs/Web/HTTP/Status/402
2026-02-11 08:00:49 | DEBUG    | No tweets found for @jaro3th
2026-02-11 08:00:49 | INFO     | Monitoring cycle completed
2026-02-11 08:00:49 | DEBUG    | Sleeping for 29.8s...
2026-02-11 08:01:19 | INFO     | Starting monitoring cycle...
2026-02-11 08:01:19 | INFO     | Monitoring 1 user(s)...
2026-02-11 08:01:19 | DEBUG    | Processing user: @jaro3th
2026-02-11 08:01:19 | ERROR    | HTTP error 402: Client error '402 Payment Required' for url 'https://api.twitterapi.io/twitter/user/last_tweets?userName=jaro3th&max_results=20'
For more information check: https://developer.mozilla.org/en-US/docs/Web/HTTP/Status/402
2026-02-11 08:01:19 | ERROR    | Failed to fetch tweets for @jaro3th: HTTP 402: Client error '402 Payment Required' for url 'https://api.twitterapi.io/twitter/user/last_tweets?userName=jaro3th&max_results=20'
For more information check: https://developer.mozilla.org/en-US/docs/Web/HTTP/Status/402
2026-02-11 08:01:19 | DEBUG    | No tweets found for @jaro3th
2026-02-11 08:01:19 | INFO     | Monitoring cycle completed
2026-02-11 08:01:19 | DEBUG    | Sleeping for 29.8s...
2026-02-11 08:01:49 | INFO     | Starting monitoring cycle...
2026-02-11 08:01:49 | INFO     | Monitoring 1 user(s)...
2026-02-11 08:01:49 | DEBUG    | Processing user: @jaro3th
2026-02-11 08:01:49 | ERROR    | HTTP error 402: Client error '402 Payment Required' for url 'https://api.twitterapi.io/twitter/user/last_tweets?userName=jaro3th&max_results=20'
For more information check: https://developer.mozilla.org/en-US/docs/Web/HTTP/Status/402
2026-02-11 08:01:49 | ERROR    | Failed to fetch tweets for @jaro3th: HTTP 402: Client error '402 Payment Required' for url 'https://api.twitterapi.io/twitter/user/last_tweets?userName=jaro3th&max_results=20'
For more information check: https://developer.mozilla.org/en-US/docs/Web/HTTP/Status/402
2026-02-11 08:01:49 | DEBUG    | No tweets found for @jaro3th
2026-02-11 08:01:49 | INFO     | Monitoring cycle completed
2026-02-11 08:01:49 | DEBUG    | Sleeping for 29.8s...
2026-02-11 08:02:19 | INFO     | Starting monitoring cycle...
2026-02-11 08:02:19 | INFO     | Monitoring 1 user(s)...
2026-02-11 08:02:19 | DEBUG    | Processing user: @jaro3th
2026-02-11 08:02:19 | ERROR    | HTTP error 402: Client error '402 Payment Required' for url 'https://api.twitterapi.io/twitter/user/last_tweets?userName=jaro3th&max_results=20'
For more information check: https://developer.mozilla.org/en-US/docs/Web/HTTP/Status/402
2026-02-11 08:02:19 | ERROR    | Failed to fetch tweets for @jaro3th: HTTP 402: Client error '402 Payment Required' for url 'https://api.twitterapi.io/twitter/user/last_tweets?userName=jaro3th&max_results=20'
For more information check: https://developer.mozilla.org/en-US/docs/Web/HTTP/Status/402
2026-02-11 08:02:19 | DEBUG    | No tweets found for @jaro3th
2026-02-11 08:02:19 | INFO     | Monitoring cycle completed
2026-02-11 08:02:19 | DEBUG    | Sleeping for 29.8s...
2026-02-11 08:02:49 | INFO     | Starting monitoring cycle...
2026-02-11 08:02:49 | INFO     | Monitoring 1 user(s)...
2026-02-11 08:02:49 | DEBUG    | Processing user: @jaro3th
2026-02-11 08:02:49 | ERROR    | HTTP error 402: Client error '402 Payment Required' for url 'https://api.twitterapi.io/twitter/user/last_tweets?userName=jaro3th&max_results=20'
For more information check: https://developer.mozilla.org/en-US/docs/Web/HTTP/Status/402
2026-02-11 08:02:49 | ERROR    | Failed to fetch tweets for @jaro3th: HTTP 402: Client error '402 Payment Required' for url 'https://api.twitterapi.io/twitter/user/last_tweets?userName=jaro3th&max_results=20'
For more information check: https://developer.mozilla.org/en-US/docs/Web/HTTP/Status/402
2026-02-11 08:02:49 | DEBUG    | No tweets found for @jaro3th
2026-02-11 08:02:49 | INFO     | Monitoring cycle completed
2026-02-11 08:02:49 | DEBUG    | Sleeping for 29.8s...
2026-02-11 08:03:19 | INFO     | Starting monitoring cycle...
2026-02-11 08:03:19 | INFO     | Monitoring 1 user(s)...
2026-02-11 08:03:19 | DEBUG    | Processing user: @jaro3th
2026-02-11 08:03:19 | ERROR    | HTTP error 402: Client error '402 Payment Required' for url 'https://api.twitterapi.io/twitter/user/last_tweets?userName=jaro3th&max_results=20'
For more information check: https://developer.mozilla.org/en-US/docs/Web/HTTP/Status/402
2026-02-11 08:03:19 | ERROR    | Failed to fetch tweets for @jaro3th: HTTP 402: Client error '402 Payment Required' for url 'https://api.twitterapi.io/twitter/user/last_tweets?userName=jaro3th&max_results=20'
For more information check: https://developer.mozilla.org/en-US/docs/Web/HTTP/Status/402
2026-02-11 08:03:19 | DEBUG    | No tweets found for @jaro3th
2026-02-11 08:03:19 | INFO     | Monitoring cycle completed
2026-02-11 08:03:19 | DEBUG    | Sleeping for 29.8s...
2026-02-11 08:03:49 | INFO     | Starting monitoring cycle...
2026-02-11 08:03:49 | INFO     | Monitoring 1 user(s)...
2026-02-11 08:03:49 | DEBUG    | Processing user: @jaro3th
2026-02-11 08:03:49 | ERROR    | HTTP error 402: Client error '402 Payment Required' for url 'https://api.twitterapi.io/twitter/user/last_tweets?userName=jaro3th&max_results=20'
For more information check: https://developer.mozilla.org/en-US/docs/Web/HTTP/Status/402
2026-02-11 08:03:49 | ERROR    | Failed to fetch tweets for @jaro3th: HTTP 402: Client error '402 Payment Required' for url 'https://api.twitterapi.io/twitter/user/last_tweets?userName=jaro3th&max_results=20'
For more information check: https://developer.mozilla.org/en-US/docs/Web/HTTP/Status/402
2026-02-11 08:03:49 | DEBUG    | No tweets found for @jaro3th
2026-02-11 08:03:49 | INFO     | Monitoring cycle completed
2026-02-11 08:03:49 | DEBUG    | Sleeping for 29.8s...
2026-02-11 08:04:19 | INFO     | Starting monitoring cycle...
2026-02-11 08:04:19 | INFO     | Monitoring 1 user(s)...
2026-02-11 08:04:19 | DEBUG    | Processing user: @jaro3th
2026-02-11 08:04:19 | ERROR    | HTTP error 402: Client error '402 Payment Required' for url 'https://api.twitterapi.io/twitter/user/last_tweets?userName=jaro3th&max_results=20'
For more information check: https://developer.mozilla.org/en-US/docs/Web/HTTP/Status/402
2026-02-11 08:04:19 | ERROR    | Failed to fetch tweets for @jaro3th: HTTP 402: Client error '402 Payment Required' for url 'https://api.twitterapi.io/twitter/user/last_tweets?userName=jaro3th&max_results=20'
For more information check: https://developer.mozilla.org/en-US/docs/Web/HTTP/Status/402
2026-02-11 08:04:19 | DEBUG    | No tweets found for @jaro3th
2026-02-11 08:04:19 | INFO     | Monitoring cycle completed
2026-02-11 08:04:19 | DEBUG    | Sleeping for 29.8s...
2026-02-11 08:04:49 | INFO     | Starting monitoring cycle...
2026-02-11 08:04:49 | INFO     | Monitoring 1 user(s)...
2026-02-11 08:04:49 | DEBUG    | Processing user: @jaro3th
2026-02-11 08:04:49 | ERROR    | HTTP error 402: Client error '402 Payment Required' for url 'https://api.twitterapi.io/twitter/user/last_tweets?userName=jaro3th&max_results=20'
For more information check: https://developer.mozilla.org/en-US/docs/Web/HTTP/Status/402
2026-02-11 08:04:49 | ERROR    | Failed to fetch tweets for @jaro3th: HTTP 402: Client error '402 Payment Required' for url 'https://api.twitterapi.io/twitter/user/last_tweets?userName=jaro3th&max_results=20'
For more information check: https://developer.mozilla.org/en-US/docs/Web/HTTP/Status/402
2026-02-11 08:04:49 | DEBUG    | No tweets found for @jaro3th
2026-02-11 08:04:49 | INFO     | Monitoring cycle completed
2026-02-11 08:04:49 | DEBUG    | Sleeping for 29.8s...
2026-02-11 08:05:19 | INFO     | Starting monitoring cycle...
2026-02-11 08:05:19 | INFO     | Monitoring 1 user(s)...
2026-02-11 08:05:19 | DEBUG    | Processing user: @jaro3th
2026-02-11 08:05:19 | ERROR    | HTTP error 402: Client error '402 Payment Required' for url 'https://api.twitterapi.io/twitter/user/last_tweets?userName=jaro3th&max_results=20'
For more information check: https://developer.mozilla.org/en-US/docs/Web/HTTP/Status/402
2026-02-11 08:05:19 | ERROR    | Failed to fetch tweets for @jaro3th: HTTP 402: Client error '402 Payment Required' for url 'https://api.twitterapi.io/twitter/user/last_tweets?userName=jaro3th&max_results=20'
For more information check: https://developer.mozilla.org/en-US/docs/Web/HTTP/Status/402
2026-02-11 08:05:19 | DEBUG    | No tweets found for @jaro3th
2026-02-11 08:05:19 | INFO     | Monitoring cycle completed
2026-02-11 08:05:19 | DEBUG    | Sleeping for 29.5s...
2026-02-11 08:05:49 | INFO     | Starting monitoring cycle...
2026-02-11 08:05:49 | INFO     | Monitoring 1 user(s)...
2026-02-11 08:05:49 | DEBUG    | Processing user: @jaro3th
2026-02-11 08:05:49 | ERROR    | HTTP error 402: Client error '402 Payment Required' for url 'https://api.twitterapi.io/twitter/user/last_tweets?userName=jaro3th&max_results=20'
For more information check: https://developer.mozilla.org/en-US/docs/Web/HTTP/Status/402
2026-02-11 08:05:49 | ERROR    | Failed to fetch tweets for @jaro3th: HTTP 402: Client error '402 Payment Required' for url 'https://api.twitterapi.io/twitter/user/last_tweets?userName=jaro3th&max_results=20'
For more information check: https://developer.mozilla.org/en-US/docs/Web/HTTP/Status/402
2026-02-11 08:05:49 | DEBUG    | No tweets found for @jaro3th
2026-02-11 08:05:49 | INFO     | Monitoring cycle completed
2026-02-11 08:05:49 | DEBUG    | Sleeping for 29.8s...
2026-02-11 08:06:19 | INFO     | Starting monitoring cycle...
2026-02-11 08:06:19 | INFO     | Monitoring 1 user(s)...
2026-02-11 08:06:19 | DEBUG    | Processing user: @jaro3th
2026-02-11 08:06:19 | ERROR    | HTTP error 402: Client error '402 Payment Required' for url 'https://api.twitterapi.io/twitter/user/last_tweets?userName=jaro3th&max_results=20'
For more information check: https://developer.mozilla.org/en-US/docs/Web/HTTP/Status/402
2026-02-11 08:06:19 | ERROR    | Failed to fetch tweets for @jaro3th: HTTP 402: Client error '402 Payment Required' for url 'https://api.twitterapi.io/twitter/user/last_tweets?userName=jaro3th&max_results=20'
For more information check: https://developer.mozilla.org/en-US/docs/Web/HTTP/Status/402
2026-02-11 08:06:19 | DEBUG    | No tweets found for @jaro3th
2026-02-11 08:06:19 | INFO     | Monitoring cycle completed
2026-02-11 08:06:19 | DEBUG    | Sleeping for 29.8s...
2026-02-11 08:06:49 | INFO     | Starting monitoring cycle...
2026-02-11 08:06:49 | INFO     | Monitoring 1 user(s)...
2026-02-11 08:06:49 | DEBUG    | Processing user: @jaro3th
2026-02-11 08:06:49 | ERROR    | HTTP error 402: Client error '402 Payment Required' for url 'https://api.twitterapi.io/twitter/user/last_tweets?userName=jaro3th&max_results=20'
For more information check: https://developer.mozilla.org/en-US/docs/Web/HTTP/Status/402
2026-02-11 08:06:49 | ERROR    | Failed to fetch tweets for @jaro3th: HTTP 402: Client error '402 Payment Required' for url 'https://api.twitterapi.io/twitter/user/last_tweets?userName=jaro3th&max_results=20'
For more information check: https://developer.mozilla.org/en-US/docs/Web/HTTP/Status/402
2026-02-11 08:06:49 | DEBUG    | No tweets found for @jaro3th
2026-02-11 08:06:49 | INFO     | Monitoring cycle completed
2026-02-11 08:06:49 | DEBUG    | Sleeping for 29.7s...
2026-02-11 08:07:19 | INFO     | Starting monitoring cycle...
2026-02-11 08:07:19 | INFO     | Monitoring 1 user(s)...
2026-02-11 08:07:19 | DEBUG    | Processing user: @jaro3th
2026-02-11 08:07:19 | ERROR    | HTTP error 402: Client error '402 Payment Required' for url 'https://api.twitterapi.io/twitter/user/last_tweets?userName=jaro3th&max_results=20'
For more information check: https://developer.mozilla.org/en-US/docs/Web/HTTP/Status/402
2026-02-11 08:07:19 | ERROR    | Failed to fetch tweets for @jaro3th: HTTP 402: Client error '402 Payment Required' for url 'https://api.twitterapi.io/twitter/user/last_tweets?userName=jaro3th&max_results=20'
For more information check: https://developer.mozilla.org/en-US/docs/Web/HTTP/Status/402
2026-02-11 08:07:19 | DEBUG    | No tweets found for @jaro3th
2026-02-11 08:07:19 | INFO     | Monitoring cycle completed
2026-02-11 08:07:19 | DEBUG    | Sleeping for 29.8s...
2026-02-11 08:07:49 | INFO     | Starting monitoring cycle...
2026-02-11 08:07:49 | INFO     | Monitoring 1 user(s)...
2026-02-11 08:07:49 | DEBUG    | Processing user: @jaro3th
2026-02-11 08:07:49 | ERROR    | HTTP error 402: Client error '402 Payment Required' for url 'https://api.twitterapi.io/twitter/user/last_tweets?userName=jaro3th&max_results=20'
For more information check: https://developer.mozilla.org/en-US/docs/Web/HTTP/Status/402
2026-02-11 08:07:49 | ERROR    | Failed to fetch tweets for @jaro3th: HTTP 402: Client error '402 Payment Required' for url 'https://api.twitterapi.io/twitter/user/last_tweets?userName=jaro3th&max_results=20'
For more information check: https://developer.mozilla.org/en-US/docs/Web/HTTP/Status/402
2026-02-11 08:07:49 | DEBUG    | No tweets found for @jaro3th
2026-02-11 08:07:49 | INFO     | Monitoring cycle completed
2026-02-11 08:07:49 | DEBUG    | Sleeping for 29.8s...
2026-02-11 08:08:19 | INFO     | Starting monitoring cycle...
2026-02-11 08:08:19 | INFO     | Monitoring 1 user(s)...
2026-02-11 08:08:19 | DEBUG    | Processing user: @jaro3th
2026-02-11 08:08:20 | ERROR    | HTTP error 402: Client error '402 Payment Required' for url 'https://api.twitterapi.io/twitter/user/last_tweets?userName=jaro3th&max_results=20'
For more information check: https://developer.mozilla.org/en-US/docs/Web/HTTP/Status/402
2026-02-11 08:08:20 | ERROR    | Failed to fetch tweets for @jaro3th: HTTP 402: Client error '402 Payment Required' for url 'https://api.twitterapi.io/twitter/user/last_tweets?userName=jaro3th&max_results=20'
For more information check: https://developer.mozilla.org/en-US/docs/Web/HTTP/Status/402
2026-02-11 08:08:20 | DEBUG    | No tweets found for @jaro3th
2026-02-11 08:08:20 | INFO     | Monitoring cycle completed
2026-02-11 08:08:20 | DEBUG    | Sleeping for 29.0s...
2026-02-11 08:08:49 | INFO     | Starting monitoring cycle...
2026-02-11 08:08:49 | INFO     | Monitoring 1 user(s)...
2026-02-11 08:08:49 | DEBUG    | Processing user: @jaro3th
2026-02-11 08:08:49 | ERROR    | HTTP error 402: Client error '402 Payment Required' for url 'https://api.twitterapi.io/twitter/user/last_tweets?userName=jaro3th&max_results=20'
For more information check: https://developer.mozilla.org/en-US/docs/Web/HTTP/Status/402
2026-02-11 08:08:49 | ERROR    | Failed to fetch tweets for @jaro3th: HTTP 402: Client error '402 Payment Required' for url 'https://api.twitterapi.io/twitter/user/last_tweets?userName=jaro3th&max_results=20'
For more information check: https://developer.mozilla.org/en-US/docs/Web/HTTP/Status/402
2026-02-11 08:08:49 | DEBUG    | No tweets found for @jaro3th
2026-02-11 08:08:49 | INFO     | Monitoring cycle completed
2026-02-11 08:08:49 | DEBUG    | Sleeping for 29.8s...
2026-02-11 08:09:19 | INFO     | Starting monitoring cycle...
2026-02-11 08:09:19 | INFO     | Monitoring 1 user(s)...
2026-02-11 08:09:19 | DEBUG    | Processing user: @jaro3th
2026-02-11 08:09:20 | ERROR    | HTTP error 402: Client error '402 Payment Required' for url 'https://api.twitterapi.io/twitter/user/last_tweets?userName=jaro3th&max_results=20'
For more information check: https://developer.mozilla.org/en-US/docs/Web/HTTP/Status/402
2026-02-11 08:09:20 | ERROR    | Failed to fetch tweets for @jaro3th: HTTP 402: Client error '402 Payment Required' for url 'https://api.twitterapi.io/twitter/user/last_tweets?userName=jaro3th&max_results=20'
For more information check: https://developer.mozilla.org/en-US/docs/Web/HTTP/Status/402
2026-02-11 08:09:20 | DEBUG    | No tweets found for @jaro3th
2026-02-11 08:09:20 | INFO     | Monitoring cycle completed
2026-02-11 08:09:20 | DEBUG    | Sleeping for 29.7s...
2026-02-11 08:09:49 | INFO     | Starting monitoring cycle...
2026-02-11 08:09:49 | INFO     | Monitoring 1 user(s)...
2026-02-11 08:09:49 | DEBUG    | Processing user: @jaro3th
2026-02-11 08:09:49 | ERROR    | HTTP error 402: Client error '402 Payment Required' for url 'https://api.twitterapi.io/twitter/user/last_tweets?userName=jaro3th&max_results=20'
For more information check: https://developer.mozilla.org/en-US/docs/Web/HTTP/Status/402
2026-02-11 08:09:49 | ERROR    | Failed to fetch tweets for @jaro3th: HTTP 402: Client error '402 Payment Required' for url 'https://api.twitterapi.io/twitter/user/last_tweets?userName=jaro3th&max_results=20'
For more information check: https://developer.mozilla.org/en-US/docs/Web/HTTP/Status/402
2026-02-11 08:09:49 | DEBUG    | No tweets found for @jaro3th
2026-02-11 08:09:49 | INFO     | Monitoring cycle completed
2026-02-11 08:09:49 | DEBUG    | Sleeping for 29.8s...
2026-02-11 08:10:19 | INFO     | Starting monitoring cycle...
2026-02-11 08:10:19 | INFO     | Monitoring 1 user(s)...
2026-02-11 08:10:19 | DEBUG    | Processing user: @jaro3th
2026-02-11 08:10:19 | ERROR    | HTTP error 402: Client error '402 Payment Required' for url 'https://api.twitterapi.io/twitter/user/last_tweets?userName=jaro3th&max_results=20'
For more information check: https://developer.mozilla.org/en-US/docs/Web/HTTP/Status/402
2026-02-11 08:10:19 | ERROR    | Failed to fetch tweets for @jaro3th: HTTP 402: Client error '402 Payment Required' for url 'https://api.twitterapi.io/twitter/user/last_tweets?userName=jaro3th&max_results=20'
For more information check: https://developer.mozilla.org/en-US/docs/Web/HTTP/Status/402
2026-02-11 08:10:19 | DEBUG    | No tweets found for @jaro3th
2026-02-11 08:10:19 | INFO     | Monitoring cycle completed
2026-02-11 08:10:19 | DEBUG    | Sleeping for 29.8s...
2026-02-11 08:10:49 | INFO     | Starting monitoring cycle...
2026-02-11 08:10:49 | INFO     | Monitoring 1 user(s)...
2026-02-11 08:10:49 | DEBUG    | Processing user: @jaro3th
2026-02-11 08:10:50 | ERROR    | HTTP error 402: Client error '402 Payment Required' for url 'https://api.twitterapi.io/twitter/user/last_tweets?userName=jaro3th&max_results=20'
For more information check: https://developer.mozilla.org/en-US/docs/Web/HTTP/Status/402
2026-02-11 08:10:50 | ERROR    | Failed to fetch tweets for @jaro3th: HTTP 402: Client error '402 Payment Required' for url 'https://api.twitterapi.io/twitter/user/last_tweets?userName=jaro3th&max_results=20'
For more information check: https://developer.mozilla.org/en-US/docs/Web/HTTP/Status/402
2026-02-11 08:10:50 | DEBUG    | No tweets found for @jaro3th
2026-02-11 08:10:50 | INFO     | Monitoring cycle completed
2026-02-11 08:10:50 | DEBUG    | Sleeping for 29.8s...
2026-02-11 08:11:19 | INFO     | Starting monitoring cycle...
2026-02-11 08:11:19 | INFO     | Monitoring 1 user(s)...
2026-02-11 08:11:19 | DEBUG    | Processing user: @jaro3th
2026-02-11 08:11:20 | ERROR    | HTTP error 402: Client error '402 Payment Required' for url 'https://api.twitterapi.io/twitter/user/last_tweets?userName=jaro3th&max_results=20'
For more information check: https://developer.mozilla.org/en-US/docs/Web/HTTP/Status/402
2026-02-11 08:11:20 | ERROR    | Failed to fetch tweets for @jaro3th: HTTP 402: Client error '402 Payment Required' for url 'https://api.twitterapi.io/twitter/user/last_tweets?userName=jaro3th&max_results=20'
For more information check: https://developer.mozilla.org/en-US/docs/Web/HTTP/Status/402
2026-02-11 08:11:20 | DEBUG    | No tweets found for @jaro3th
2026-02-11 08:11:20 | INFO     | Monitoring cycle completed
2026-02-11 08:11:20 | DEBUG    | Sleeping for 29.8s...
2026-02-11 08:11:49 | INFO     | Starting monitoring cycle...
2026-02-11 08:11:49 | INFO     | Monitoring 1 user(s)...
2026-02-11 08:11:49 | DEBUG    | Processing user: @jaro3th
2026-02-11 08:11:50 | ERROR    | HTTP error 402: Client error '402 Payment Required' for url 'https://api.twitterapi.io/twitter/user/last_tweets?userName=jaro3th&max_results=20'
For more information check: https://developer.mozilla.org/en-US/docs/Web/HTTP/Status/402
2026-02-11 08:11:50 | ERROR    | Failed to fetch tweets for @jaro3th: HTTP 402: Client error '402 Payment Required' for url 'https://api.twitterapi.io/twitter/user/last_tweets?userName=jaro3th&max_results=20'
For more information check: https://developer.mozilla.org/en-US/docs/Web/HTTP/Status/402
2026-02-11 08:11:50 | DEBUG    | No tweets found for @jaro3th
2026-02-11 08:11:50 | INFO     | Monitoring cycle completed
2026-02-11 08:11:50 | DEBUG    | Sleeping for 29.8s...
2026-02-11 08:12:19 | INFO     | Starting monitoring cycle...
2026-02-11 08:12:19 | INFO     | Monitoring 1 user(s)...
2026-02-11 08:12:19 | DEBUG    | Processing user: @jaro3th
2026-02-11 08:12:20 | ERROR    | HTTP error 402: Client error '402 Payment Required' for url 'https://api.twitterapi.io/twitter/user/last_tweets?userName=jaro3th&max_results=20'
For more information check: https://developer.mozilla.org/en-US/docs/Web/HTTP/Status/402
2026-02-11 08:12:20 | ERROR    | Failed to fetch tweets for @jaro3th: HTTP 402: Client error '402 Payment Required' for url 'https://api.twitterapi.io/twitter/user/last_tweets?userName=jaro3th&max_results=20'
For more information check: https://developer.mozilla.org/en-US/docs/Web/HTTP/Status/402
2026-02-11 08:12:20 | DEBUG    | No tweets found for @jaro3th
2026-02-11 08:12:20 | INFO     | Monitoring cycle completed
2026-02-11 08:12:20 | DEBUG    | Sleeping for 29.8s...
2026-02-11 08:12:49 | INFO     | Starting monitoring cycle...
2026-02-11 08:12:49 | INFO     | Monitoring 1 user(s)...
2026-02-11 08:12:49 | DEBUG    | Processing user: @jaro3th
2026-02-11 08:12:50 | ERROR    | HTTP error 402: Client error '402 Payment Required' for url 'https://api.twitterapi.io/twitter/user/last_tweets?userName=jaro3th&max_results=20'
For more information check: https://developer.mozilla.org/en-US/docs/Web/HTTP/Status/402
2026-02-11 08:12:50 | ERROR    | Failed to fetch tweets for @jaro3th: HTTP 402: Client error '402 Payment Required' for url 'https://api.twitterapi.io/twitter/user/last_tweets?userName=jaro3th&max_results=20'
For more information check: https://developer.mozilla.org/en-US/docs/Web/HTTP/Status/402
2026-02-11 08:12:50 | DEBUG    | No tweets found for @jaro3th
2026-02-11 08:12:50 | INFO     | Monitoring cycle completed
2026-02-11 08:12:50 | DEBUG    | Sleeping for 29.6s...
2026-02-11 08:13:19 | INFO     | Starting monitoring cycle...
2026-02-11 08:13:19 | INFO     | Monitoring 1 user(s)...
2026-02-11 08:13:20 | DEBUG    | Processing user: @jaro3th
2026-02-11 08:13:20 | ERROR    | HTTP error 402: Client error '402 Payment Required' for url 'https://api.twitterapi.io/twitter/user/last_tweets?userName=jaro3th&max_results=20'
For more information check: https://developer.mozilla.org/en-US/docs/Web/HTTP/Status/402
2026-02-11 08:13:20 | ERROR    | Failed to fetch tweets for @jaro3th: HTTP 402: Client error '402 Payment Required' for url 'https://api.twitterapi.io/twitter/user/last_tweets?userName=jaro3th&max_results=20'
For more information check: https://developer.mozilla.org/en-US/docs/Web/HTTP/Status/402
2026-02-11 08:13:20 | DEBUG    | No tweets found for @jaro3th
2026-02-11 08:13:20 | INFO     | Monitoring cycle completed
2026-02-11 08:13:20 | DEBUG    | Sleeping for 29.6s...
2026-02-11 08:13:50 | INFO     | Starting monitoring cycle...
2026-02-11 08:13:50 | INFO     | Monitoring 1 user(s)...
2026-02-11 08:13:50 | DEBUG    | Processing user: @jaro3th
2026-02-11 08:13:50 | ERROR    | HTTP error 402: Client error '402 Payment Required' for url 'https://api.twitterapi.io/twitter/user/last_tweets?userName=jaro3th&max_results=20'
For more information check: https://developer.mozilla.org/en-US/docs/Web/HTTP/Status/402
2026-02-11 08:13:50 | ERROR    | Failed to fetch tweets for @jaro3th: HTTP 402: Client error '402 Payment Required' for url 'https://api.twitterapi.io/twitter/user/last_tweets?userName=jaro3th&max_results=20'
For more information check: https://developer.mozilla.org/en-US/docs/Web/HTTP/Status/402
2026-02-11 08:13:50 | DEBUG    | No tweets found for @jaro3th
2026-02-11 08:13:50 | INFO     | Monitoring cycle completed
2026-02-11 08:13:50 | DEBUG    | Sleeping for 29.8s...
2026-02-11 08:14:20 | INFO     | Starting monitoring cycle...
2026-02-11 08:14:20 | INFO     | Monitoring 1 user(s)...
2026-02-11 08:14:20 | DEBUG    | Processing user: @jaro3th
2026-02-11 08:14:20 | ERROR    | HTTP error 402: Client error '402 Payment Required' for url 'https://api.twitterapi.io/twitter/user/last_tweets?userName=jaro3th&max_results=20'
For more information check: https://developer.mozilla.org/en-US/docs/Web/HTTP/Status/402
2026-02-11 08:14:20 | ERROR    | Failed to fetch tweets for @jaro3th: HTTP 402: Client error '402 Payment Required' for url 'https://api.twitterapi.io/twitter/user/last_tweets?userName=jaro3th&max_results=20'
For more information check: https://developer.mozilla.org/en-US/docs/Web/HTTP/Status/402
2026-02-11 08:14:20 | DEBUG    | No tweets found for @jaro3th
2026-02-11 08:14:20 | INFO     | Monitoring cycle completed
2026-02-11 08:14:20 | DEBUG    | Sleeping for 29.8s...
2026-02-11 08:14:50 | INFO     | Starting monitoring cycle...
2026-02-11 08:14:50 | INFO     | Monitoring 1 user(s)...
2026-02-11 08:14:50 | DEBUG    | Processing user: @jaro3th
2026-02-11 08:14:50 | ERROR    | HTTP error 402: Client error '402 Payment Required' for url 'https://api.twitterapi.io/twitter/user/last_tweets?userName=jaro3th&max_results=20'
For more information check: https://developer.mozilla.org/en-US/docs/Web/HTTP/Status/402
2026-02-11 08:14:50 | ERROR    | Failed to fetch tweets for @jaro3th: HTTP 402: Client error '402 Payment Required' for url 'https://api.twitterapi.io/twitter/user/last_tweets?userName=jaro3th&max_results=20'
For more information check: https://developer.mozilla.org/en-US/docs/Web/HTTP/Status/402
2026-02-11 08:14:50 | DEBUG    | No tweets found for @jaro3th
2026-02-11 08:14:50 | INFO     | Monitoring cycle completed
2026-02-11 08:14:50 | DEBUG    | Sleeping for 29.4s...
2026-02-11 08:15:20 | INFO     | Starting monitoring cycle...
2026-02-11 08:15:20 | INFO     | Monitoring 1 user(s)...
2026-02-11 08:15:20 | DEBUG    | Processing user: @jaro3th
2026-02-11 08:15:20 | ERROR    | HTTP error 402: Client error '402 Payment Required' for url 'https://api.twitterapi.io/twitter/user/last_tweets?userName=jaro3th&max_results=20'
For more information check: https://developer.mozilla.org/en-US/docs/Web/HTTP/Status/402
2026-02-11 08:15:20 | ERROR    | Failed to fetch tweets for @jaro3th: HTTP 402: Client error '402 Payment Required' for url 'https://api.twitterapi.io/twitter/user/last_tweets?userName=jaro3th&max_results=20'
For more information check: https://developer.mozilla.org/en-US/docs/Web/HTTP/Status/402
2026-02-11 08:15:20 | DEBUG    | No tweets found for @jaro3th
2026-02-11 08:15:20 | INFO     | Monitoring cycle completed
2026-02-11 08:15:20 | DEBUG    | Sleeping for 29.8s...
2026-02-11 08:15:50 | INFO     | Starting monitoring cycle...
2026-02-11 08:15:50 | INFO     | Monitoring 1 user(s)...
2026-02-11 08:15:50 | DEBUG    | Processing user: @jaro3th
2026-02-11 08:15:50 | ERROR    | HTTP error 402: Client error '402 Payment Required' for url 'https://api.twitterapi.io/twitter/user/last_tweets?userName=jaro3th&max_results=20'
For more information check: https://developer.mozilla.org/en-US/docs/Web/HTTP/Status/402
2026-02-11 08:15:50 | ERROR    | Failed to fetch tweets for @jaro3th: HTTP 402: Client error '402 Payment Required' for url 'https://api.twitterapi.io/twitter/user/last_tweets?userName=jaro3th&max_results=20'
For more information check: https://developer.mozilla.org/en-US/docs/Web/HTTP/Status/402
2026-02-11 08:15:50 | DEBUG    | No tweets found for @jaro3th
2026-02-11 08:15:50 | INFO     | Monitoring cycle completed
2026-02-11 08:15:50 | DEBUG    | Sleeping for 29.7s...
2026-02-11 08:16:20 | INFO     | Starting monitoring cycle...
2026-02-11 08:16:20 | INFO     | Monitoring 1 user(s)...
2026-02-11 08:16:20 | DEBUG    | Processing user: @jaro3th
2026-02-11 08:16:20 | ERROR    | HTTP error 402: Client error '402 Payment Required' for url 'https://api.twitterapi.io/twitter/user/last_tweets?userName=jaro3th&max_results=20'
For more information check: https://developer.mozilla.org/en-US/docs/Web/HTTP/Status/402
2026-02-11 08:16:20 | ERROR    | Failed to fetch tweets for @jaro3th: HTTP 402: Client error '402 Payment Required' for url 'https://api.twitterapi.io/twitter/user/last_tweets?userName=jaro3th&max_results=20'
For more information check: https://developer.mozilla.org/en-US/docs/Web/HTTP/Status/402
2026-02-11 08:16:20 | DEBUG    | No tweets found for @jaro3th
2026-02-11 08:16:20 | INFO     | Monitoring cycle completed
2026-02-11 08:16:20 | DEBUG    | Sleeping for 29.8s...
2026-02-11 08:16:50 | INFO     | Starting monitoring cycle...
2026-02-11 08:16:50 | INFO     | Monitoring 1 user(s)...
2026-02-11 08:16:50 | DEBUG    | Processing user: @jaro3th
2026-02-11 08:16:50 | ERROR    | HTTP error 402: Client error '402 Payment Required' for url 'https://api.twitterapi.io/twitter/user/last_tweets?userName=jaro3th&max_results=20'
For more information check: https://developer.mozilla.org/en-US/docs/Web/HTTP/Status/402
2026-02-11 08:16:50 | ERROR    | Failed to fetch tweets for @jaro3th: HTTP 402: Client error '402 Payment Required' for url 'https://api.twitterapi.io/twitter/user/last_tweets?userName=jaro3th&max_results=20'
For more information check: https://developer.mozilla.org/en-US/docs/Web/HTTP/Status/402
2026-02-11 08:16:50 | DEBUG    | No tweets found for @jaro3th
2026-02-11 08:16:50 | INFO     | Monitoring cycle completed
2026-02-11 08:16:50 | DEBUG    | Sleeping for 29.8s...
2026-02-11 08:17:20 | INFO     | Starting monitoring cycle...
2026-02-11 08:17:20 | INFO     | Monitoring 1 user(s)...
2026-02-11 08:17:20 | DEBUG    | Processing user: @jaro3th
2026-02-11 08:17:20 | ERROR    | HTTP error 402: Client error '402 Payment Required' for url 'https://api.twitterapi.io/twitter/user/last_tweets?userName=jaro3th&max_results=20'
For more information check: https://developer.mozilla.org/en-US/docs/Web/HTTP/Status/402
2026-02-11 08:17:20 | ERROR    | Failed to fetch tweets for @jaro3th: HTTP 402: Client error '402 Payment Required' for url 'https://api.twitterapi.io/twitter/user/last_tweets?userName=jaro3th&max_results=20'
For more information check: https://developer.mozilla.org/en-US/docs/Web/HTTP/Status/402
2026-02-11 08:17:20 | DEBUG    | No tweets found for @jaro3th
2026-02-11 08:17:20 | INFO     | Monitoring cycle completed
2026-02-11 08:17:20 | DEBUG    | Sleeping for 29.8s...
2026-02-11 08:17:50 | INFO     | Starting monitoring cycle...
2026-02-11 08:17:50 | INFO     | Monitoring 1 user(s)...
2026-02-11 08:17:50 | DEBUG    | Processing user: @jaro3th
2026-02-11 08:17:50 | ERROR    | HTTP error 402: Client error '402 Payment Required' for url 'https://api.twitterapi.io/twitter/user/last_tweets?userName=jaro3th&max_results=20'
For more information check: https://developer.mozilla.org/en-US/docs/Web/HTTP/Status/402
2026-02-11 08:17:50 | ERROR    | Failed to fetch tweets for @jaro3th: HTTP 402: Client error '402 Payment Required' for url 'https://api.twitterapi.io/twitter/user/last_tweets?userName=jaro3th&max_results=20'
For more information check: https://developer.mozilla.org/en-US/docs/Web/HTTP/Status/402
2026-02-11 08:17:50 | DEBUG    | No tweets found for @jaro3th
2026-02-11 08:17:50 | INFO     | Monitoring cycle completed
2026-02-11 08:17:50 | DEBUG    | Sleeping for 29.8s...
2026-02-11 08:18:20 | INFO     | Starting monitoring cycle...
2026-02-11 08:18:20 | INFO     | Monitoring 1 user(s)...
2026-02-11 08:18:20 | DEBUG    | Processing user: @jaro3th
2026-02-11 08:18:20 | ERROR    | HTTP error 402: Client error '402 Payment Required' for url 'https://api.twitterapi.io/twitter/user/last_tweets?userName=jaro3th&max_results=20'
For more information check: https://developer.mozilla.org/en-US/docs/Web/HTTP/Status/402
2026-02-11 08:18:20 | ERROR    | Failed to fetch tweets for @jaro3th: HTTP 402: Client error '402 Payment Required' for url 'https://api.twitterapi.io/twitter/user/last_tweets?userName=jaro3th&max_results=20'
For more information check: https://developer.mozilla.org/en-US/docs/Web/HTTP/Status/402
2026-02-11 08:18:20 | DEBUG    | No tweets found for @jaro3th
2026-02-11 08:18:20 | INFO     | Monitoring cycle completed
2026-02-11 08:18:20 | DEBUG    | Sleeping for 29.8s...
2026-02-11 08:18:50 | INFO     | Starting monitoring cycle...
2026-02-11 08:18:50 | INFO     | Monitoring 1 user(s)...
2026-02-11 08:18:50 | DEBUG    | Processing user: @jaro3th
2026-02-11 08:18:50 | ERROR    | HTTP error 402: Client error '402 Payment Required' for url 'https://api.twitterapi.io/twitter/user/last_tweets?userName=jaro3th&max_results=20'
For more information check: https://developer.mozilla.org/en-US/docs/Web/HTTP/Status/402
2026-02-11 08:18:50 | ERROR    | Failed to fetch tweets for @jaro3th: HTTP 402: Client error '402 Payment Required' for url 'https://api.twitterapi.io/twitter/user/last_tweets?userName=jaro3th&max_results=20'
For more information check: https://developer.mozilla.org/en-US/docs/Web/HTTP/Status/402
2026-02-11 08:18:50 | DEBUG    | No tweets found for @jaro3th
2026-02-11 08:18:50 | INFO     | Monitoring cycle completed
2026-02-11 08:18:50 | DEBUG    | Sleeping for 29.8s...
2026-02-11 08:19:20 | INFO     | Starting monitoring cycle...
2026-02-11 08:19:20 | INFO     | Monitoring 1 user(s)...
2026-02-11 08:19:20 | DEBUG    | Processing user: @jaro3th
2026-02-11 08:19:20 | ERROR    | HTTP error 402: Client error '402 Payment Required' for url 'https://api.twitterapi.io/twitter/user/last_tweets?userName=jaro3th&max_results=20'
For more information check: https://developer.mozilla.org/en-US/docs/Web/HTTP/Status/402
2026-02-11 08:19:20 | ERROR    | Failed to fetch tweets for @jaro3th: HTTP 402: Client error '402 Payment Required' for url 'https://api.twitterapi.io/twitter/user/last_tweets?userName=jaro3th&max_results=20'
For more information check: https://developer.mozilla.org/en-US/docs/Web/HTTP/Status/402
2026-02-11 08:19:20 | DEBUG    | No tweets found for @jaro3th
2026-02-11 08:19:20 | INFO     | Monitoring cycle completed
2026-02-11 08:19:20 | DEBUG    | Sleeping for 29.8s...
2026-02-11 08:19:50 | INFO     | Starting monitoring cycle...
2026-02-11 08:19:50 | INFO     | Monitoring 1 user(s)...
2026-02-11 08:19:50 | DEBUG    | Processing user: @jaro3th
2026-02-11 08:19:50 | ERROR    | HTTP error 402: Client error '402 Payment Required' for url 'https://api.twitterapi.io/twitter/user/last_tweets?userName=jaro3th&max_results=20'
For more information check: https://developer.mozilla.org/en-US/docs/Web/HTTP/Status/402
2026-02-11 08:19:50 | ERROR    | Failed to fetch tweets for @jaro3th: HTTP 402: Client error '402 Payment Required' for url 'https://api.twitterapi.io/twitter/user/last_tweets?userName=jaro3th&max_results=20'
For more information check: https://developer.mozilla.org/en-US/docs/Web/HTTP/Status/402
2026-02-11 08:19:50 | DEBUG    | No tweets found for @jaro3th
2026-02-11 08:19:50 | INFO     | Monitoring cycle completed
2026-02-11 08:19:50 | DEBUG    | Sleeping for 29.8s...
2026-02-11 08:20:20 | INFO     | Starting monitoring cycle...
2026-02-11 08:20:20 | INFO     | Monitoring 1 user(s)...
2026-02-11 08:20:20 | DEBUG    | Processing user: @jaro3th
2026-02-11 08:20:20 | ERROR    | HTTP error 402: Client error '402 Payment Required' for url 'https://api.twitterapi.io/twitter/user/last_tweets?userName=jaro3th&max_results=20'
For more information check: https://developer.mozilla.org/en-US/docs/Web/HTTP/Status/402
2026-02-11 08:20:20 | ERROR    | Failed to fetch tweets for @jaro3th: HTTP 402: Client error '402 Payment Required' for url 'https://api.twitterapi.io/twitter/user/last_tweets?userName=jaro3th&max_results=20'
For more information check: https://developer.mozilla.org/en-US/docs/Web/HTTP/Status/402
2026-02-11 08:20:20 | DEBUG    | No tweets found for @jaro3th
2026-02-11 08:20:20 | INFO     | Monitoring cycle completed
2026-02-11 08:20:20 | DEBUG    | Sleeping for 29.8s...
2026-02-11 08:20:50 | INFO     | Starting monitoring cycle...
2026-02-11 08:20:50 | INFO     | Monitoring 1 user(s)...
2026-02-11 08:20:50 | DEBUG    | Processing user: @jaro3th
2026-02-11 08:20:50 | ERROR    | HTTP error 402: Client error '402 Payment Required' for url 'https://api.twitterapi.io/twitter/user/last_tweets?userName=jaro3th&max_results=20'
For more information check: https://developer.mozilla.org/en-US/docs/Web/HTTP/Status/402
2026-02-11 08:20:50 | ERROR    | Failed to fetch tweets for @jaro3th: HTTP 402: Client error '402 Payment Required' for url 'https://api.twitterapi.io/twitter/user/last_tweets?userName=jaro3th&max_results=20'
For more information check: https://developer.mozilla.org/en-US/docs/Web/HTTP/Status/402
2026-02-11 08:20:50 | DEBUG    | No tweets found for @jaro3th
2026-02-11 08:20:50 | INFO     | Monitoring cycle completed
2026-02-11 08:20:50 | DEBUG    | Sleeping for 29.8s...
2026-02-11 08:21:20 | INFO     | Starting monitoring cycle...
2026-02-11 08:21:20 | INFO     | Monitoring 1 user(s)...
2026-02-11 08:21:20 | DEBUG    | Processing user: @jaro3th
2026-02-11 08:21:20 | ERROR    | HTTP error 402: Client error '402 Payment Required' for url 'https://api.twitterapi.io/twitter/user/last_tweets?userName=jaro3th&max_results=20'
For more information check: https://developer.mozilla.org/en-US/docs/Web/HTTP/Status/402
2026-02-11 08:21:20 | ERROR    | Failed to fetch tweets for @jaro3th: HTTP 402: Client error '402 Payment Required' for url 'https://api.twitterapi.io/twitter/user/last_tweets?userName=jaro3th&max_results=20'
For more information check: https://developer.mozilla.org/en-US/docs/Web/HTTP/Status/402
2026-02-11 08:21:20 | DEBUG    | No tweets found for @jaro3th
2026-02-11 08:21:20 | INFO     | Monitoring cycle completed
2026-02-11 08:21:20 | DEBUG    | Sleeping for 29.7s...
2026-02-11 08:21:50 | INFO     | Starting monitoring cycle...
2026-02-11 08:21:50 | INFO     | Monitoring 1 user(s)...
2026-02-11 08:21:50 | DEBUG    | Processing user: @jaro3th
2026-02-11 08:21:50 | ERROR    | HTTP error 402: Client error '402 Payment Required' for url 'https://api.twitterapi.io/twitter/user/last_tweets?userName=jaro3th&max_results=20'
For more information check: https://developer.mozilla.org/en-US/docs/Web/HTTP/Status/402
2026-02-11 08:21:50 | ERROR    | Failed to fetch tweets for @jaro3th: HTTP 402: Client error '402 Payment Required' for url 'https://api.twitterapi.io/twitter/user/last_tweets?userName=jaro3th&max_results=20'
For more information check: https://developer.mozilla.org/en-US/docs/Web/HTTP/Status/402
2026-02-11 08:21:50 | DEBUG    | No tweets found for @jaro3th
2026-02-11 08:21:50 | INFO     | Monitoring cycle completed
2026-02-11 08:21:50 | DEBUG    | Sleeping for 29.8s...
2026-02-11 08:22:20 | INFO     | Starting monitoring cycle...
2026-02-11 08:22:20 | INFO     | Monitoring 1 user(s)...
2026-02-11 08:22:20 | DEBUG    | Processing user: @jaro3th
2026-02-11 08:22:20 | ERROR    | HTTP error 402: Client error '402 Payment Required' for url 'https://api.twitterapi.io/twitter/user/last_tweets?userName=jaro3th&max_results=20'
For more information check: https://developer.mozilla.org/en-US/docs/Web/HTTP/Status/402
2026-02-11 08:22:20 | ERROR    | Failed to fetch tweets for @jaro3th: HTTP 402: Client error '402 Payment Required' for url 'https://api.twitterapi.io/twitter/user/last_tweets?userName=jaro3th&max_results=20'
For more information check: https://developer.mozilla.org/en-US/docs/Web/HTTP/Status/402
2026-02-11 08:22:20 | DEBUG    | No tweets found for @jaro3th
2026-02-11 08:22:20 | INFO     | Monitoring cycle completed
2026-02-11 08:22:20 | DEBUG    | Sleeping for 29.8s...
2026-02-11 08:22:50 | INFO     | Starting monitoring cycle...
2026-02-11 08:22:50 | INFO     | Monitoring 1 user(s)...
2026-02-11 08:22:50 | DEBUG    | Processing user: @jaro3th
2026-02-11 08:22:50 | ERROR    | HTTP error 402: Client error '402 Payment Required' for url 'https://api.twitterapi.io/twitter/user/last_tweets?userName=jaro3th&max_results=20'
For more information check: https://developer.mozilla.org/en-US/docs/Web/HTTP/Status/402
2026-02-11 08:22:50 | ERROR    | Failed to fetch tweets for @jaro3th: HTTP 402: Client error '402 Payment Required' for url 'https://api.twitterapi.io/twitter/user/last_tweets?userName=jaro3th&max_results=20'
For more information check: https://developer.mozilla.org/en-US/docs/Web/HTTP/Status/402
2026-02-11 08:22:50 | DEBUG    | No tweets found for @jaro3th
2026-02-11 08:22:50 | INFO     | Monitoring cycle completed
2026-02-11 08:22:50 | DEBUG    | Sleeping for 29.8s...
2026-02-11 08:23:20 | INFO     | Starting monitoring cycle...
2026-02-11 08:23:20 | INFO     | Monitoring 1 user(s)...
2026-02-11 08:23:20 | DEBUG    | Processing user: @jaro3th
2026-02-11 08:23:20 | ERROR    | HTTP error 402: Client error '402 Payment Required' for url 'https://api.twitterapi.io/twitter/user/last_tweets?userName=jaro3th&max_results=20'
For more information check: https://developer.mozilla.org/en-US/docs/Web/HTTP/Status/402
2026-02-11 08:23:20 | ERROR    | Failed to fetch tweets for @jaro3th: HTTP 402: Client error '402 Payment Required' for url 'https://api.twitterapi.io/twitter/user/last_tweets?userName=jaro3th&max_results=20'
For more information check: https://developer.mozilla.org/en-US/docs/Web/HTTP/Status/402
2026-02-11 08:23:20 | DEBUG    | No tweets found for @jaro3th
2026-02-11 08:23:20 | INFO     | Monitoring cycle completed
2026-02-11 08:23:20 | DEBUG    | Sleeping for 29.8s...
2026-02-11 08:23:50 | INFO     | Starting monitoring cycle...
2026-02-11 08:23:50 | INFO     | Monitoring 1 user(s)...
2026-02-11 08:23:50 | DEBUG    | Processing user: @jaro3th
2026-02-11 08:23:50 | ERROR    | HTTP error 402: Client error '402 Payment Required' for url 'https://api.twitterapi.io/twitter/user/last_tweets?userName=jaro3th&max_results=20'
For more information check: https://developer.mozilla.org/en-US/docs/Web/HTTP/Status/402
2026-02-11 08:23:50 | ERROR    | Failed to fetch tweets for @jaro3th: HTTP 402: Client error '402 Payment Required' for url 'https://api.twitterapi.io/twitter/user/last_tweets?userName=jaro3th&max_results=20'
For more information check: https://developer.mozilla.org/en-US/docs/Web/HTTP/Status/402
2026-02-11 08:23:50 | DEBUG    | No tweets found for @jaro3th
2026-02-11 08:23:50 | INFO     | Monitoring cycle completed
2026-02-11 08:23:50 | DEBUG    | Sleeping for 29.8s...
2026-02-11 08:24:20 | INFO     | Starting monitoring cycle...
2026-02-11 08:24:20 | INFO     | Monitoring 1 user(s)...
2026-02-11 08:24:20 | DEBUG    | Processing user: @jaro3th
2026-02-11 08:24:20 | ERROR    | HTTP error 402: Client error '402 Payment Required' for url 'https://api.twitterapi.io/twitter/user/last_tweets?userName=jaro3th&max_results=20'
For more information check: https://developer.mozilla.org/en-US/docs/Web/HTTP/Status/402
2026-02-11 08:24:20 | ERROR    | Failed to fetch tweets for @jaro3th: HTTP 402: Client error '402 Payment Required' for url 'https://api.twitterapi.io/twitter/user/last_tweets?userName=jaro3th&max_results=20'
For more information check: https://developer.mozilla.org/en-US/docs/Web/HTTP/Status/402
2026-02-11 08:24:20 | DEBUG    | No tweets found for @jaro3th
2026-02-11 08:24:20 | INFO     | Monitoring cycle completed
2026-02-11 08:24:20 | DEBUG    | Sleeping for 29.7s...
2026-02-11 08:24:50 | INFO     | Starting monitoring cycle...
2026-02-11 08:24:50 | INFO     | Monitoring 1 user(s)...
2026-02-11 08:24:50 | DEBUG    | Processing user: @jaro3th
2026-02-11 08:24:50 | ERROR    | HTTP error 402: Client error '402 Payment Required' for url 'https://api.twitterapi.io/twitter/user/last_tweets?userName=jaro3th&max_results=20'
For more information check: https://developer.mozilla.org/en-US/docs/Web/HTTP/Status/402
2026-02-11 08:24:50 | ERROR    | Failed to fetch tweets for @jaro3th: HTTP 402: Client error '402 Payment Required' for url 'https://api.twitterapi.io/twitter/user/last_tweets?userName=jaro3th&max_results=20'
For more information check: https://developer.mozilla.org/en-US/docs/Web/HTTP/Status/402
2026-02-11 08:24:50 | DEBUG    | No tweets found for @jaro3th
2026-02-11 08:24:50 | INFO     | Monitoring cycle completed
2026-02-11 08:24:50 | DEBUG    | Sleeping for 29.8s...
2026-02-11 08:25:20 | INFO     | Starting monitoring cycle...
2026-02-11 08:25:20 | INFO     | Monitoring 1 user(s)...
2026-02-11 08:25:20 | DEBUG    | Processing user: @jaro3th
2026-02-11 08:25:20 | ERROR    | HTTP error 402: Client error '402 Payment Required' for url 'https://api.twitterapi.io/twitter/user/last_tweets?userName=jaro3th&max_results=20'
For more information check: https://developer.mozilla.org/en-US/docs/Web/HTTP/Status/402
2026-02-11 08:25:20 | ERROR    | Failed to fetch tweets for @jaro3th: HTTP 402: Client error '402 Payment Required' for url 'https://api.twitterapi.io/twitter/user/last_tweets?userName=jaro3th&max_results=20'
For more information check: https://developer.mozilla.org/en-US/docs/Web/HTTP/Status/402
2026-02-11 08:25:20 | DEBUG    | No tweets found for @jaro3th
2026-02-11 08:25:20 | INFO     | Monitoring cycle completed
2026-02-11 08:25:20 | DEBUG    | Sleeping for 29.8s...
2026-02-11 08:25:50 | INFO     | Starting monitoring cycle...
2026-02-11 08:25:50 | INFO     | Monitoring 1 user(s)...
2026-02-11 08:25:50 | DEBUG    | Processing user: @jaro3th
2026-02-11 08:25:50 | ERROR    | HTTP error 402: Client error '402 Payment Required' for url 'https://api.twitterapi.io/twitter/user/last_tweets?userName=jaro3th&max_results=20'
For more information check: https://developer.mozilla.org/en-US/docs/Web/HTTP/Status/402
2026-02-11 08:25:50 | ERROR    | Failed to fetch tweets for @jaro3th: HTTP 402: Client error '402 Payment Required' for url 'https://api.twitterapi.io/twitter/user/last_tweets?userName=jaro3th&max_results=20'
For more information check: https://developer.mozilla.org/en-US/docs/Web/HTTP/Status/402
2026-02-11 08:25:50 | DEBUG    | No tweets found for @jaro3th
2026-02-11 08:25:50 | INFO     | Monitoring cycle completed
2026-02-11 08:25:50 | DEBUG    | Sleeping for 29.8s...
2026-02-11 08:26:20 | INFO     | Starting monitoring cycle...
2026-02-11 08:26:20 | INFO     | Monitoring 1 user(s)...
2026-02-11 08:26:20 | DEBUG    | Processing user: @jaro3th
2026-02-11 08:26:20 | ERROR    | HTTP error 402: Client error '402 Payment Required' for url 'https://api.twitterapi.io/twitter/user/last_tweets?userName=jaro3th&max_results=20'
For more information check: https://developer.mozilla.org/en-US/docs/Web/HTTP/Status/402
2026-02-11 08:26:20 | ERROR    | Failed to fetch tweets for @jaro3th: HTTP 402: Client error '402 Payment Required' for url 'https://api.twitterapi.io/twitter/user/last_tweets?userName=jaro3th&max_results=20'
For more information check: https://developer.mozilla.org/en-US/docs/Web/HTTP/Status/402
2026-02-11 08:26:20 | DEBUG    | No tweets found for @jaro3th
2026-02-11 08:26:20 | INFO     | Monitoring cycle completed
2026-02-11 08:26:20 | DEBUG    | Sleeping for 29.8s...
2026-02-11 08:26:50 | INFO     | Starting monitoring cycle...
2026-02-11 08:26:50 | INFO     | Monitoring 1 user(s)...
2026-02-11 08:26:50 | DEBUG    | Processing user: @jaro3th
2026-02-11 08:26:50 | ERROR    | HTTP error 402: Client error '402 Payment Required' for url 'https://api.twitterapi.io/twitter/user/last_tweets?userName=jaro3th&max_results=20'
For more information check: https://developer.mozilla.org/en-US/docs/Web/HTTP/Status/402
2026-02-11 08:26:50 | ERROR    | Failed to fetch tweets for @jaro3th: HTTP 402: Client error '402 Payment Required' for url 'https://api.twitterapi.io/twitter/user/last_tweets?userName=jaro3th&max_results=20'
For more information check: https://developer.mozilla.org/en-US/docs/Web/HTTP/Status/402
2026-02-11 08:26:50 | DEBUG    | No tweets found for @jaro3th
2026-02-11 08:26:50 | INFO     | Monitoring cycle completed
2026-02-11 08:26:50 | DEBUG    | Sleeping for 29.8s...
2026-02-11 08:27:20 | INFO     | Starting monitoring cycle...
2026-02-11 08:27:20 | INFO     | Monitoring 1 user(s)...
2026-02-11 08:27:20 | DEBUG    | Processing user: @jaro3th
2026-02-11 08:27:22 | DEBUG    | No new tweets for @jaro3th
2026-02-11 08:27:22 | INFO     | Monitoring cycle completed
2026-02-11 08:27:22 | DEBUG    | Sleeping for 28.4s...
2026-02-11 08:27:50 | INFO     | Starting monitoring cycle...
2026-02-11 08:27:50 | INFO     | Monitoring 1 user(s)...
2026-02-11 08:27:50 | DEBUG    | Processing user: @jaro3th
2026-02-11 08:27:52 | DEBUG    | No new tweets for @jaro3th
2026-02-11 08:27:52 | INFO     | Monitoring cycle completed
2026-02-11 08:27:52 | DEBUG    | Sleeping for 27.7s...
2026-02-11 08:28:20 | INFO     | Starting monitoring cycle...
2026-02-11 08:28:20 | INFO     | Monitoring 1 user(s)...
2026-02-11 08:28:20 | DEBUG    | Processing user: @jaro3th
2026-02-11 08:28:21 | DEBUG    | No new tweets for @jaro3th
2026-02-11 08:28:21 | INFO     | Monitoring cycle completed
2026-02-11 08:28:21 | DEBUG    | Sleeping for 28.7s...
2026-02-11 08:28:50 | INFO     | Starting monitoring cycle...
2026-02-11 08:28:50 | INFO     | Monitoring 1 user(s)...
2026-02-11 08:28:50 | DEBUG    | Processing user: @jaro3th
2026-02-11 08:28:52 | DEBUG    | No new tweets for @jaro3th
2026-02-11 08:28:52 | INFO     | Monitoring cycle completed
2026-02-11 08:28:52 | DEBUG    | Sleeping for 28.1s...
2026-02-11 08:29:20 | INFO     | Starting monitoring cycle...
2026-02-11 08:29:20 | INFO     | Monitoring 1 user(s)...
2026-02-11 08:29:20 | DEBUG    | Processing user: @jaro3th
2026-02-11 08:29:22 | DEBUG    | No new tweets for @jaro3th
2026-02-11 08:29:22 | INFO     | Monitoring cycle completed
2026-02-11 08:29:22 | DEBUG    | Sleeping for 27.9s...
2026-02-11 08:29:50 | INFO     | Starting monitoring cycle...
2026-02-11 08:29:50 | INFO     | Monitoring 1 user(s)...
2026-02-11 08:29:50 | DEBUG    | Processing user: @jaro3th
2026-02-11 08:29:52 | DEBUG    | No new tweets for @jaro3th
2026-02-11 08:29:52 | INFO     | Monitoring cycle completed
2026-02-11 08:29:52 | DEBUG    | Sleeping for 28.6s...
2026-02-11 08:30:20 | INFO     | Starting monitoring cycle...
2026-02-11 08:30:20 | INFO     | Monitoring 1 user(s)...
2026-02-11 08:30:20 | DEBUG    | Processing user: @jaro3th
2026-02-11 08:30:22 | DEBUG    | No new tweets for @jaro3th
2026-02-11 08:30:22 | INFO     | Monitoring cycle completed
2026-02-11 08:30:22 | DEBUG    | Sleeping for 28.6s...
2026-02-11 08:30:50 | INFO     | Starting monitoring cycle...
2026-02-11 08:30:50 | INFO     | Monitoring 1 user(s)...
2026-02-11 08:30:50 | DEBUG    | Processing user: @jaro3th
2026-02-11 08:30:52 | DEBUG    | No new tweets for @jaro3th
2026-02-11 08:30:52 | INFO     | Monitoring cycle completed
2026-02-11 08:30:52 | DEBUG    | Sleeping for 28.1s...
2026-02-11 08:31:20 | INFO     | Starting monitoring cycle...
2026-02-11 08:31:20 | INFO     | Monitoring 1 user(s)...
2026-02-11 08:31:20 | DEBUG    | Processing user: @jaro3th
2026-02-11 08:31:22 | DEBUG    | No new tweets for @jaro3th
2026-02-11 08:31:22 | INFO     | Monitoring cycle completed
2026-02-11 08:31:22 | DEBUG    | Sleeping for 28.5s...
2026-02-11 08:31:50 | INFO     | Starting monitoring cycle...
2026-02-11 08:31:50 | INFO     | Monitoring 1 user(s)...
2026-02-11 08:31:50 | DEBUG    | Processing user: @jaro3th
2026-02-11 08:31:55 | DEBUG    | No new tweets for @jaro3th
2026-02-11 08:31:55 | INFO     | Monitoring cycle completed
2026-02-11 08:31:55 | DEBUG    | Sleeping for 25.5s...
2026-02-11 08:32:20 | INFO     | Starting monitoring cycle...
2026-02-11 08:32:20 | INFO     | Monitoring 1 user(s)...
2026-02-11 08:32:20 | DEBUG    | Processing user: @jaro3th
2026-02-11 08:32:22 | DEBUG    | No new tweets for @jaro3th
2026-02-11 08:32:22 | INFO     | Monitoring cycle completed
2026-02-11 08:32:22 | DEBUG    | Sleeping for 28.1s...
2026-02-11 08:32:50 | INFO     | Starting monitoring cycle...
2026-02-11 08:32:50 | INFO     | Monitoring 1 user(s)...
2026-02-11 08:32:50 | DEBUG    | Processing user: @jaro3th
2026-02-11 08:32:52 | DEBUG    | No new tweets for @jaro3th
2026-02-11 08:32:52 | INFO     | Monitoring cycle completed
2026-02-11 08:32:52 | DEBUG    | Sleeping for 28.6s...
2026-02-11 08:33:20 | INFO     | Starting monitoring cycle...
2026-02-11 08:33:20 | INFO     | Monitoring 1 user(s)...
2026-02-11 08:33:20 | DEBUG    | Processing user: @jaro3th
2026-02-11 08:33:22 | DEBUG    | No new tweets for @jaro3th
2026-02-11 08:33:22 | INFO     | Monitoring cycle completed
2026-02-11 08:33:22 | DEBUG    | Sleeping for 28.3s...
2026-02-11 08:33:50 | INFO     | Starting monitoring cycle...
2026-02-11 08:33:50 | INFO     | Monitoring 1 user(s)...
2026-02-11 08:33:50 | DEBUG    | Processing user: @jaro3th
2026-02-11 08:33:52 | DEBUG    | No new tweets for @jaro3th
2026-02-11 08:33:52 | INFO     | Monitoring cycle completed
2026-02-11 08:33:52 | DEBUG    | Sleeping for 28.4s...
2026-02-11 08:34:20 | INFO     | Starting monitoring cycle...
2026-02-11 08:34:20 | INFO     | Monitoring 1 user(s)...
2026-02-11 08:34:20 | DEBUG    | Processing user: @jaro3th
2026-02-11 08:34:22 | DEBUG    | No new tweets for @jaro3th
2026-02-11 08:34:22 | INFO     | Monitoring cycle completed
2026-02-11 08:34:22 | DEBUG    | Sleeping for 28.3s...
2026-02-11 08:34:50 | INFO     | Starting monitoring cycle...
2026-02-11 08:34:50 | INFO     | Monitoring 1 user(s)...
2026-02-11 08:34:50 | DEBUG    | Processing user: @jaro3th
2026-02-11 08:34:52 | DEBUG    | No new tweets for @jaro3th
2026-02-11 08:34:52 | INFO     | Monitoring cycle completed
2026-02-11 08:34:52 | DEBUG    | Sleeping for 28.0s...
2026-02-11 08:35:20 | INFO     | Starting monitoring cycle...
2026-02-11 08:35:20 | INFO     | Monitoring 1 user(s)...
2026-02-11 08:35:20 | DEBUG    | Processing user: @jaro3th
2026-02-11 08:35:22 | DEBUG    | No new tweets for @jaro3th
2026-02-11 08:35:22 | INFO     | Monitoring cycle completed
2026-02-11 08:35:22 | DEBUG    | Sleeping for 27.9s...
2026-02-11 08:35:50 | INFO     | Starting monitoring cycle...
2026-02-11 08:35:50 | INFO     | Monitoring 1 user(s)...
2026-02-11 08:35:50 | DEBUG    | Processing user: @jaro3th
2026-02-11 08:35:52 | DEBUG    | No new tweets for @jaro3th
2026-02-11 08:35:52 | INFO     | Monitoring cycle completed
2026-02-11 08:35:52 | DEBUG    | Sleeping for 28.3s...
2026-02-11 08:36:20 | INFO     | Starting monitoring cycle...
2026-02-11 08:36:20 | INFO     | Monitoring 1 user(s)...
2026-02-11 08:36:20 | DEBUG    | Processing user: @jaro3th
2026-02-11 08:36:22 | DEBUG    | No new tweets for @jaro3th
2026-02-11 08:36:22 | INFO     | Monitoring cycle completed
2026-02-11 08:36:22 | DEBUG    | Sleeping for 28.0s...
2026-02-11 08:36:50 | INFO     | Starting monitoring cycle...
2026-02-11 08:36:50 | INFO     | Monitoring 1 user(s)...
2026-02-11 08:36:50 | DEBUG    | Processing user: @jaro3th
2026-02-11 08:36:53 | DEBUG    | No new tweets for @jaro3th
2026-02-11 08:36:53 | INFO     | Monitoring cycle completed
2026-02-11 08:36:53 | DEBUG    | Sleeping for 27.6s...
2026-02-11 08:37:20 | INFO     | Starting monitoring cycle...
2026-02-11 08:37:20 | INFO     | Monitoring 1 user(s)...
2026-02-11 08:37:20 | DEBUG    | Processing user: @jaro3th
2026-02-11 08:37:22 | DEBUG    | No new tweets for @jaro3th
2026-02-11 08:37:22 | INFO     | Monitoring cycle completed
2026-02-11 08:37:22 | DEBUG    | Sleeping for 28.2s...
2026-02-11 08:37:50 | INFO     | Starting monitoring cycle...
2026-02-11 08:37:50 | INFO     | Monitoring 1 user(s)...
2026-02-11 08:37:50 | DEBUG    | Processing user: @jaro3th
2026-02-11 08:37:52 | DEBUG    | No new tweets for @jaro3th
2026-02-11 08:37:52 | INFO     | Monitoring cycle completed
2026-02-11 08:37:52 | DEBUG    | Sleeping for 27.9s...
2026-02-11 08:38:20 | INFO     | Starting monitoring cycle...
2026-02-11 08:38:20 | INFO     | Monitoring 1 user(s)...
2026-02-11 08:38:20 | DEBUG    | Processing user: @jaro3th
2026-02-11 08:38:22 | DEBUG    | No new tweets for @jaro3th
2026-02-11 08:38:22 | INFO     | Monitoring cycle completed
2026-02-11 08:38:22 | DEBUG    | Sleeping for 28.6s...
2026-02-11 08:38:50 | INFO     | Starting monitoring cycle...
2026-02-11 08:38:50 | INFO     | Monitoring 1 user(s)...
2026-02-11 08:38:50 | DEBUG    | Processing user: @jaro3th
2026-02-11 08:38:56 | DEBUG    | No new tweets for @jaro3th
2026-02-11 08:38:56 | INFO     | Monitoring cycle completed
2026-02-11 08:38:56 | DEBUG    | Sleeping for 24.8s...
2026-02-11 08:39:20 | INFO     | Starting monitoring cycle...
2026-02-11 08:39:20 | INFO     | Monitoring 1 user(s)...
2026-02-11 08:39:20 | DEBUG    | Processing user: @jaro3th
2026-02-11 08:39:22 | DEBUG    | No new tweets for @jaro3th
2026-02-11 08:39:22 | INFO     | Monitoring cycle completed
2026-02-11 08:39:22 | DEBUG    | Sleeping for 28.1s...
2026-02-11 08:39:50 | INFO     | Starting monitoring cycle...
2026-02-11 08:39:50 | INFO     | Monitoring 1 user(s)...
2026-02-11 08:39:50 | DEBUG    | Processing user: @jaro3th
2026-02-11 08:39:52 | DEBUG    | No new tweets for @jaro3th
2026-02-11 08:39:52 | INFO     | Monitoring cycle completed
2026-02-11 08:39:52 | DEBUG    | Sleeping for 28.0s...
2026-02-11 08:40:20 | INFO     | Starting monitoring cycle...
2026-02-11 08:40:20 | INFO     | Monitoring 1 user(s)...
2026-02-11 08:40:20 | DEBUG    | Processing user: @jaro3th
2026-02-11 08:40:22 | DEBUG    | No new tweets for @jaro3th
2026-02-11 08:40:22 | INFO     | Monitoring cycle completed
2026-02-11 08:40:22 | DEBUG    | Sleeping for 28.0s...
2026-02-11 08:40:50 | INFO     | Starting monitoring cycle...
2026-02-11 08:40:50 | INFO     | Monitoring 1 user(s)...
2026-02-11 08:40:50 | DEBUG    | Processing user: @jaro3th
2026-02-11 08:40:52 | DEBUG    | No new tweets for @jaro3th
2026-02-11 08:40:52 | INFO     | Monitoring cycle completed
2026-02-11 08:40:52 | DEBUG    | Sleeping for 28.1s...
2026-02-11 08:41:20 | INFO     | Starting monitoring cycle...
2026-02-11 08:41:20 | INFO     | Monitoring 1 user(s)...
2026-02-11 08:41:20 | DEBUG    | Processing user: @jaro3th
2026-02-11 08:41:22 | DEBUG    | No new tweets for @jaro3th
2026-02-11 08:41:22 | INFO     | Monitoring cycle completed
2026-02-11 08:41:22 | DEBUG    | Sleeping for 28.5s...
2026-02-11 08:41:50 | INFO     | Starting monitoring cycle...
2026-02-11 08:41:50 | INFO     | Monitoring 1 user(s)...
2026-02-11 08:41:50 | DEBUG    | Processing user: @jaro3th
2026-02-11 08:41:52 | DEBUG    | No new tweets for @jaro3th
2026-02-11 08:41:52 | INFO     | Monitoring cycle completed
2026-02-11 08:41:52 | DEBUG    | Sleeping for 28.2s...
2026-02-11 08:42:20 | INFO     | Starting monitoring cycle...
2026-02-11 08:42:20 | INFO     | Monitoring 1 user(s)...
2026-02-11 08:42:20 | DEBUG    | Processing user: @jaro3th
2026-02-11 08:42:22 | DEBUG    | No new tweets for @jaro3th
2026-02-11 08:42:22 | INFO     | Monitoring cycle completed
2026-02-11 08:42:22 | DEBUG    | Sleeping for 28.1s...
2026-02-11 08:42:50 | INFO     | Starting monitoring cycle...
2026-02-11 08:42:50 | INFO     | Monitoring 1 user(s)...
2026-02-11 08:42:50 | DEBUG    | Processing user: @jaro3th
2026-02-11 08:42:53 | DEBUG    | No new tweets for @jaro3th
2026-02-11 08:42:53 | INFO     | Monitoring cycle completed
2026-02-11 08:42:53 | DEBUG    | Sleeping for 27.5s...
2026-02-11 08:43:20 | INFO     | Starting monitoring cycle...
2026-02-11 08:43:20 | INFO     | Monitoring 1 user(s)...
2026-02-11 08:43:20 | DEBUG    | Processing user: @jaro3th
2026-02-11 08:43:23 | DEBUG    | No new tweets for @jaro3th
2026-02-11 08:43:23 | INFO     | Monitoring cycle completed
2026-02-11 08:43:23 | DEBUG    | Sleeping for 27.8s...
2026-02-11 08:43:50 | INFO     | Starting monitoring cycle...
2026-02-11 08:43:50 | INFO     | Monitoring 1 user(s)...
2026-02-11 08:43:50 | DEBUG    | Processing user: @jaro3th
2026-02-11 08:43:53 | DEBUG    | No new tweets for @jaro3th
2026-02-11 08:43:53 | INFO     | Monitoring cycle completed
2026-02-11 08:43:53 | DEBUG    | Sleeping for 27.9s...
2026-02-11 08:44:20 | INFO     | Starting monitoring cycle...
2026-02-11 08:44:20 | INFO     | Monitoring 1 user(s)...
2026-02-11 08:44:20 | DEBUG    | Processing user: @jaro3th
2026-02-11 08:44:22 | DEBUG    | No new tweets for @jaro3th
2026-02-11 08:44:22 | INFO     | Monitoring cycle completed
2026-02-11 08:44:22 | DEBUG    | Sleeping for 28.3s...
2026-02-11 08:44:50 | INFO     | Starting monitoring cycle...
2026-02-11 08:44:50 | INFO     | Monitoring 1 user(s)...
2026-02-11 08:44:50 | DEBUG    | Processing user: @jaro3th
2026-02-11 08:44:53 | DEBUG    | No new tweets for @jaro3th
2026-02-11 08:44:53 | INFO     | Monitoring cycle completed
2026-02-11 08:44:53 | DEBUG    | Sleeping for 27.8s...
2026-02-11 08:45:20 | INFO     | Starting monitoring cycle...
2026-02-11 08:45:20 | INFO     | Monitoring 1 user(s)...
2026-02-11 08:45:21 | DEBUG    | Processing user: @jaro3th
2026-02-11 08:45:22 | DEBUG    | No new tweets for @jaro3th
2026-02-11 08:45:22 | INFO     | Monitoring cycle completed
2026-02-11 08:45:22 | DEBUG    | Sleeping for 28.1s...
2026-02-11 08:45:50 | INFO     | Starting monitoring cycle...
2026-02-11 08:45:51 | INFO     | Monitoring 1 user(s)...
2026-02-11 08:45:51 | DEBUG    | Processing user: @jaro3th
2026-02-11 08:45:52 | DEBUG    | No new tweets for @jaro3th
2026-02-11 08:45:52 | INFO     | Monitoring cycle completed
2026-02-11 08:45:52 | DEBUG    | Sleeping for 28.3s...
2026-02-11 08:46:21 | INFO     | Starting monitoring cycle...
2026-02-11 08:46:21 | INFO     | Monitoring 1 user(s)...
2026-02-11 08:46:21 | DEBUG    | Processing user: @jaro3th
2026-02-11 08:46:22 | DEBUG    | No new tweets for @jaro3th
2026-02-11 08:46:22 | INFO     | Monitoring cycle completed
2026-02-11 08:46:22 | DEBUG    | Sleeping for 28.4s...
2026-02-11 08:46:51 | INFO     | Starting monitoring cycle...
2026-02-11 08:46:51 | INFO     | Monitoring 1 user(s)...
2026-02-11 08:46:51 | DEBUG    | Processing user: @jaro3th
2026-02-11 08:46:53 | DEBUG    | No new tweets for @jaro3th
2026-02-11 08:46:53 | INFO     | Monitoring cycle completed
2026-02-11 08:46:53 | DEBUG    | Sleeping for 27.6s...
2026-02-11 08:47:21 | INFO     | Starting monitoring cycle...
2026-02-11 08:47:21 | INFO     | Monitoring 1 user(s)...
2026-02-11 08:47:21 | DEBUG    | Processing user: @jaro3th
2026-02-11 08:47:23 | DEBUG    | No new tweets for @jaro3th
2026-02-11 08:47:23 | INFO     | Monitoring cycle completed
2026-02-11 08:47:23 | DEBUG    | Sleeping for 27.8s...
2026-02-11 08:47:51 | INFO     | Starting monitoring cycle...
2026-02-11 08:47:51 | INFO     | Monitoring 1 user(s)...
2026-02-11 08:47:51 | DEBUG    | Processing user: @jaro3th
2026-02-11 08:47:52 | DEBUG    | No new tweets for @jaro3th
2026-02-11 08:47:52 | INFO     | Monitoring cycle completed
2026-02-11 08:47:52 | DEBUG    | Sleeping for 28.3s...
2026-02-11 08:48:21 | INFO     | Starting monitoring cycle...
2026-02-11 08:48:21 | INFO     | Monitoring 1 user(s)...
2026-02-11 08:48:21 | DEBUG    | Processing user: @jaro3th
2026-02-11 08:48:22 | DEBUG    | No new tweets for @jaro3th
2026-02-11 08:48:22 | INFO     | Monitoring cycle completed
2026-02-11 08:48:22 | DEBUG    | Sleeping for 28.2s...
2026-02-11 08:48:51 | INFO     | Starting monitoring cycle...
2026-02-11 08:48:51 | INFO     | Monitoring 1 user(s)...
2026-02-11 08:48:51 | DEBUG    | Processing user: @jaro3th
2026-02-11 08:48:52 | DEBUG    | No new tweets for @jaro3th
2026-02-11 08:48:52 | INFO     | Monitoring cycle completed
2026-02-11 08:48:52 | DEBUG    | Sleeping for 28.2s...
2026-02-11 08:49:21 | INFO     | Starting monitoring cycle...
2026-02-11 08:49:21 | INFO     | Monitoring 1 user(s)...
2026-02-11 08:49:21 | DEBUG    | Processing user: @jaro3th
2026-02-11 08:49:23 | DEBUG    | No new tweets for @jaro3th
2026-02-11 08:49:23 | INFO     | Monitoring cycle completed
2026-02-11 08:49:23 | DEBUG    | Sleeping for 27.7s...
2026-02-11 08:49:51 | INFO     | Starting monitoring cycle...
2026-02-11 08:49:51 | INFO     | Monitoring 1 user(s)...
2026-02-11 08:49:51 | DEBUG    | Processing user: @jaro3th
2026-02-11 08:49:52 | DEBUG    | No new tweets for @jaro3th
2026-02-11 08:49:52 | INFO     | Monitoring cycle completed
2026-02-11 08:49:52 | DEBUG    | Sleeping for 28.1s...
2026-02-11 08:50:21 | INFO     | Starting monitoring cycle...
2026-02-11 08:50:21 | INFO     | Monitoring 1 user(s)...
2026-02-11 08:50:21 | DEBUG    | Processing user: @jaro3th
2026-02-11 08:50:23 | DEBUG    | No new tweets for @jaro3th
2026-02-11 08:50:23 | INFO     | Monitoring cycle completed
2026-02-11 08:50:23 | DEBUG    | Sleeping for 27.8s...
2026-02-11 08:50:51 | INFO     | Starting monitoring cycle...
2026-02-11 08:50:51 | INFO     | Monitoring 1 user(s)...
2026-02-11 08:50:51 | DEBUG    | Processing user: @jaro3th
2026-02-11 08:50:53 | DEBUG    | No new tweets for @jaro3th
2026-02-11 08:50:53 | INFO     | Monitoring cycle completed
2026-02-11 08:50:53 | DEBUG    | Sleeping for 27.9s...
2026-02-11 08:51:10 | INFO     | Shutdown signal received, stopping...
2026-02-11 08:51:10 | INFO     | Monitor loop stopped
2026-02-11 18:23:09 | INFO     | Starting monitor loop with 30s interval
2026-02-11 18:23:09 | INFO     | Starting monitoring cycle...
2026-02-11 18:23:09 | INFO     | Monitoring 1 user(s)...
2026-02-11 18:23:09 | DEBUG    | Processing user: @jaro3th
2026-02-11 18:23:12 | DEBUG    | No new tweets for @jaro3th
2026-02-11 18:23:12 | INFO     | Monitoring cycle completed
2026-02-11 18:23:12 | DEBUG    | Sleeping for 27.1s...
2026-02-11 18:23:39 | INFO     | Starting monitoring cycle...
2026-02-11 18:23:39 | INFO     | Monitoring 1 user(s)...
2026-02-11 18:23:39 | DEBUG    | Processing user: @jaro3th
2026-02-11 18:23:41 | DEBUG    | No new tweets for @jaro3th
2026-02-11 18:23:41 | INFO     | Monitoring cycle completed
2026-02-11 18:23:41 | DEBUG    | Sleeping for 27.8s...
2026-02-11 18:24:09 | INFO     | Starting monitoring cycle...
2026-02-11 18:24:09 | INFO     | Monitoring 1 user(s)...
2026-02-11 18:24:09 | DEBUG    | Processing user: @jaro3th
2026-02-11 18:24:12 | DEBUG    | No new tweets for @jaro3th
2026-02-11 18:24:12 | INFO     | Monitoring cycle completed
2026-02-11 18:24:12 | DEBUG    | Sleeping for 27.4s...
2026-02-11 18:24:39 | INFO     | Starting monitoring cycle...
2026-02-11 18:24:39 | INFO     | Monitoring 1 user(s)...
2026-02-11 18:24:39 | DEBUG    | Processing user: @jaro3th
2026-02-11 18:24:41 | DEBUG    | No new tweets for @jaro3th
2026-02-11 18:24:41 | INFO     | Monitoring cycle completed
2026-02-11 18:24:41 | DEBUG    | Sleeping for 27.8s...
2026-02-11 18:25:09 | INFO     | Starting monitoring cycle...
2026-02-11 18:25:09 | INFO     | Monitoring 1 user(s)...
2026-02-11 18:25:09 | DEBUG    | Processing user: @jaro3th
2026-02-11 18:25:11 | DEBUG    | No new tweets for @jaro3th
2026-02-11 18:25:11 | INFO     | Monitoring cycle completed
2026-02-11 18:25:11 | DEBUG    | Sleeping for 27.9s...
2026-02-11 18:25:39 | INFO     | Starting monitoring cycle...
2026-02-11 18:25:39 | INFO     | Monitoring 1 user(s)...
2026-02-11 18:25:39 | DEBUG    | Processing user: @jaro3th
2026-02-11 18:25:41 | DEBUG    | No new tweets for @jaro3th
2026-02-11 18:25:41 | INFO     | Monitoring cycle completed
2026-02-11 18:25:41 | DEBUG    | Sleeping for 27.6s...
2026-02-11 18:25:51 | INFO     | Shutdown signal received, stopping...
2026-02-11 18:25:51 | INFO     | Monitor loop stopped
